{
  "stats": {
    "suites": 1,
    "tests": 1,
    "passes": 0,
    "pending": 0,
    "failures": 1,
    "start": "2022-07-04T09:50:28.562Z",
    "end": "2022-07-04T09:50:48.433Z",
    "duration": 19871,
    "testsRegistered": 2,
    "passPercent": 0,
    "pendingPercent": 0,
    "other": 0,
    "hasOther": false,
    "skipped": 1,
    "hasSkipped": true
  },
  "results": [
    {
      "uuid": "4ad7b217-21d4-4cfe-a0dc-fc14e816eb75",
      "title": "",
      "fullFile": "cypress/e2e/notification.cy.js",
      "file": "cypress/e2e/notification.cy.js",
      "beforeHooks": [],
      "afterHooks": [],
      "tests": [],
      "suites": [
        {
          "uuid": "71d43660-1575-4a3b-98af-7463210b0635",
          "title": "notification",
          "fullFile": "",
          "file": "",
          "beforeHooks": [],
          "afterHooks": [],
          "tests": [
            {
              "title": "check when user want to check notification.",
              "fullTitle": "notification check when user want to check notification.",
              "timedOut": null,
              "duration": 15976,
              "state": "failed",
              "speed": null,
              "pass": false,
              "fail": true,
              "pending": false,
              "context": "{\n  \"title\": \"cypress-mochawesome-reporter-screenshots\",\n  \"value\": [\n    [\n      {\n        \"title\": \"Failed screenshot\",\n        \"value\": \"/notification.cy.js/notification -- check when user want to check notification -- before each hook (failed).png\"\n      }\n    ]\n  ]\n}",
              "code": "cy.get(\".MuiBadge-root > .MuiSvgIcon-root > path\").click();\ncy.wait(5000);\ncy.get('body').click(0, 0); // cy.get(\".MuiBadge-root > .MuiSvgIcon-root > path\").click()",
              "err": {
                "message": "AssertionError: Timed out retrying after 4000ms: Expected to find content: 'Skip' within the selector: 'button' but never did.\n\nBecause this error occurred during a `before each` hook we are skipping the remaining tests in the current suite: `notification`",
                "estack": "AssertionError: Timed out retrying after 4000ms: Expected to find content: 'Skip' within the selector: 'button' but never did.\n\nBecause this error occurred during a `before each` hook we are skipping the remaining tests in the current suite: `notification`\n    at Context.eval (https://demo.insightmonk.com/__cypress/tests?p=cypress/e2e/notification.cy.js:129:10)",
                "diff": null
              },
              "uuid": "cacbadae-59fe-46af-bdb7-562b1590b762",
              "parentUUID": "71d43660-1575-4a3b-98af-7463210b0635",
              "isHook": false,
              "skipped": false
            },
            {
              "title": "check when notification is clickable.",
              "fullTitle": "notification check when notification is clickable.",
              "timedOut": null,
              "duration": 0,
              "state": "skipped",
              "speed": null,
              "pass": false,
              "fail": false,
              "pending": false,
              "context": null,
              "code": "cy.get(\".MuiBadge-root > .MuiSvgIcon-root > path\").click();\ncy.wait(5000);\ncy.get(':nth-child(1) > .MuiButtonBase-root > .MuiCardHeader-root').click();",
              "err": {},
              "uuid": "d8d76288-d1e7-4fa0-83aa-85153d014985",
              "parentUUID": "71d43660-1575-4a3b-98af-7463210b0635",
              "isHook": false,
              "skipped": true
            }
          ],
          "suites": [],
          "passes": [],
          "failures": [
            "cacbadae-59fe-46af-bdb7-562b1590b762"
          ],
          "pending": [],
          "skipped": [
            "d8d76288-d1e7-4fa0-83aa-85153d014985"
          ],
          "duration": 15976,
          "root": false,
          "rootEmpty": false,
          "_timeout": 2000
        }
      ],
      "passes": [],
      "failures": [],
      "pending": [],
      "skipped": [],
      "duration": 0,
      "root": true,
      "rootEmpty": true,
      "_timeout": 2000
    }
  ],
  "meta": {
    "mocha": {
      "version": "7.0.1"
    },
    "mochawesome": {
      "options": {
        "quiet": false,
        "reportFilename": "mochawesome",
        "saveHtml": false,
        "saveJson": true,
        "consoleReporter": "spec",
        "useInlineDiffs": false,
        "code": true
      },
      "version": "7.1.3"
    },
    "marge": {
      "options": {
        "charts": true,
        "overwrite": false,
        "html": false,
        "json": true,
        "reportDir": "cypress/reports"
      },
      "version": "6.2.0"
    }
  }
}