{
  "stats": {
    "suites": 1,
    "tests": 2,
    "passes": 1,
    "pending": 0,
    "failures": 1,
    "start": "2022-07-04T09:59:32.759Z",
    "end": "2022-07-04T10:00:25.236Z",
    "duration": 52477,
    "testsRegistered": 2,
    "passPercent": 50,
    "pendingPercent": 0,
    "other": 0,
    "hasOther": false,
    "skipped": 0,
    "hasSkipped": false
  },
  "results": [
    {
      "uuid": "80b5f6c3-8e6d-4bc3-860c-d768f3a6b832",
      "title": "",
      "fullFile": "cypress/e2e/reports.cy.js",
      "file": "cypress/e2e/reports.cy.js",
      "beforeHooks": [],
      "afterHooks": [],
      "tests": [],
      "suites": [
        {
          "uuid": "55f82718-d977-46f9-a5e1-02e1c7ab560b",
          "title": "reports",
          "fullFile": "",
          "file": "",
          "beforeHooks": [],
          "afterHooks": [],
          "tests": [
            {
              "title": "check when user want to check reports by date range.",
              "fullTitle": "reports check when user want to check reports by date range.",
              "timedOut": null,
              "duration": 21805,
              "state": "failed",
              "speed": null,
              "pass": false,
              "fail": true,
              "pending": false,
              "context": "{\n  \"title\": \"cypress-mochawesome-reporter-screenshots\",\n  \"value\": [\n    [\n      {\n        \"title\": \"Failed screenshot\",\n        \"value\": \"/reports.cy.js/reports -- check when user want to check reports by date range (failed).png\"\n      }\n    ]\n  ]\n}",
              "code": "cy.wait(2000);\ncy.get(\".report\").click();\ncy.wait(2000);\ncy.get(\".MuiSelect-root\").click();\ncy.contains(\"li\", \"Last 2 years\").click();\ncy.wait(5000); // cy.get(\":nth-child(2) > #panel1bh-header > .MuiButtonBase-root > .MuiIconButton-label > .MuiSvgIcon-root\").click()\n// cy.wait(6000)\n// cy.get('[type=\"checkbox\"]').check(\"Agriculture and Food Tech\")\n// cy.wait(7000)\n// cy.get(\".MuiPaper-root.Mui-expanded > #panel1bh-header > .MuiButtonBase-root > .MuiIconButton-label > .MuiSvgIcon-root\").click()\n// cy.get(\":nth-child(3) > #panel1bh-header > .MuiButtonBase-root > .MuiIconButton-label > .MuiSvgIcon-root\").click()\n// cy.contains(\"span\", \"Company Profile\").click()\n// cy.wait(6000)\n// cy.contains(\"span\", \"View\").first().click()\n// cy.wait(6000)\n// cy.contains(\"span\", \"close\").click()\n// cy.contains(\"span\", \"Full Report\").click()\n// cy.wait(8000)\n// cy.contains(\"span\", \"Public Sources\").click()\n// cy.wait(8000)\n// cy.get(\".MuiSelect-root\").click()\n// cy.contains(\"li\", \"Last Month\").click()\n// cy.get(\":nth-child(3) > .MuiAccordionSummary-root > .MuiButtonBase-root > .MuiIconButton-label > .MuiSvgIcon-root\").click()\n// cy.wait(6000)\n// cy.get('[placeholder=\"Search\"]').eq(0).type(\"Company Reports\")\n// cy.get('[type=\"checkbox\"]').first().check()\n// cy.wait(6000)\n// cy.get(\":nth-child(4) > .MuiAccordionSummary-root > .MuiButtonBase-root > .MuiIconButton-label > .MuiSvgIcon-root\").click()\n// cy.wait(6000)\n// cy.get(\"#long-button\").first().click()\n// cy.contains(\"li\", \"Share\").click()\n// cy.wait(2000)\n// cy.get(\".MuiGrid-justify-content-xs-flex-end > .MuiButtonBase-root > .MuiIconButton-label > .MuiSvgIcon-root\").click()\n// cy.wait(2000)\n// cy.get(\"#long-button\").first().click()\n// cy.contains(\"li\", \"Add to Library\").click()\n// cy.wait(5000)\n// cy.get('body').click(0, 0);\n// cy.contains(\"span\", \"View\").click()\n// cy.wait(\"3000\")\n// cy.get('body').click(0, 0);\n// cy.get(\"#panel1a-header\").click()\n// cy.get('[placeholder=\"Search\"]').eq(1).type(\"North America\")\n// cy.wait(6000)\n//[@id=\"__next\"]/div/div/div/div[3]/div/div[4]/div[2]/div/div/div/div/fieldset/div/label[1]/span[2]\n// cy.get(\":nth-child(3) > .MuiAccordionSummary-root > .MuiButtonBase-root > .MuiIconButton-label > .MuiSvgIcon-root\").click()\n// cy.get('[placeholder=\"Search\"]').eq(0).type(\"Investor presentation (674)\")\n// cy.wait(8000)\n// cy.get('[type=\"checkbox\"]').check(\"INVESTOR_PRESENTATION\")\n// cy.wait(8000)\n// Cypress.Commands.add('getDropdownOptions', () => {\n//     return cy.get('.MuiAutocomplete-popper [role=\"listbox\"] [role=\"option\"]', {\n//         timeout: 10000,\n//     });\n// });\n// cy.getDropdownOptions().contains('Precision Medicine').click();\n// cy.contains(\"span\", \"View\").first().click()\n// cy.contains('.MuiGrid-root', 'cypress').within(() => {\n//     cy.get('MuiSvgIcon-root').click() // 1st button is edit\n// })\n//more icon\n// cy.get('.jss373 > .jss375 > .MuiGrid-wrap-xs-nowrap > :nth-child(1) > .MuiGrid-spacing-xs-2 > .MuiGrid-grid-xs-true > [style=\"flex-wrap: initial;\"] > [style=\"margin-top: -10px;\"] > #long-button > .MuiIconButton-label > .MuiSvgIcon-root').click()\n//     // cy.get('svg.MuiSvgIcon-root').eq(1).click() //clicks the first svg icon\n// cy.contains(\"li\", \"Add to Library\").click()\n// cy.wait(8000)\n// cy.contains(\"li\", \"Share\").click()\n// cy.get('.MuiGrid-justify-content-xs-flex-end > .MuiButtonBase-root > .MuiIconButton-label > .MuiSvgIcon-root > path').click()",
              "err": {
                "message": "CypressError: Timed out retrying after 4050ms: `cy.click()` failed because this element is detached from the DOM.\n\n`<li class=\"MuiButtonBase-root MuiListItem-root MuiMenuItem-root MuiMenuItem-gutters MuiListItem-gutters MuiListItem-button\" tabindex=\"-1\" role=\"option\" aria-disabled=\"false\" data-value=\"Last 2 years\">...</li>`\n\nCypress requires elements be attached in the DOM to interact with them.\n\nThe previous command that ran was:\n\n  > `cy.contains()`\n\nThis DOM element likely became detached somewhere between the previous and current command.\n\nCommon situations why this happens:\n  - Your JS framework re-rendered asynchronously\n  - Your app code reacted to an event firing and removed the element\n\nYou typically need to re-query for the element or add 'guards' which delay Cypress from running new commands.\n\nhttps://on.cypress.io/element-has-detached-from-dom",
                "estack": "CypressError: Timed out retrying after 4050ms: `cy.click()` failed because this element is detached from the DOM.\n\n`<li class=\"MuiButtonBase-root MuiListItem-root MuiMenuItem-root MuiMenuItem-gutters MuiListItem-gutters MuiListItem-button\" tabindex=\"-1\" role=\"option\" aria-disabled=\"false\" data-value=\"Last 2 years\">...</li>`\n\nCypress requires elements be attached in the DOM to interact with them.\n\nThe previous command that ran was:\n\n  > `cy.contains()`\n\nThis DOM element likely became detached somewhere between the previous and current command.\n\nCommon situations why this happens:\n  - Your JS framework re-rendered asynchronously\n  - Your app code reacted to an event firing and removed the element\n\nYou typically need to re-query for the element or add 'guards' which delay Cypress from running new commands.\n\nhttps://on.cypress.io/element-has-detached-from-dom\n    at $Cy.ensureAttached (https://demo.insightmonk.com/__cypress/runner/cypress_runner.js:161860:76)\n    at runAllChecks (https://demo.insightmonk.com/__cypress/runner/cypress_runner.js:147665:12)\n    at retryActionability (https://demo.insightmonk.com/__cypress/runner/cypress_runner.js:147745:16)\n    at tryCatcher (https://demo.insightmonk.com/__cypress/runner/cypress_runner.js:13012:23)\n    at Function.Promise.attempt.Promise.try (https://demo.insightmonk.com/__cypress/runner/cypress_runner.js:10286:29)\n    at whenStable (https://demo.insightmonk.com/__cypress/runner/cypress_runner.js:166930:65)\n    at https://demo.insightmonk.com/__cypress/runner/cypress_runner.js:166385:14\n    at tryCatcher (https://demo.insightmonk.com/__cypress/runner/cypress_runner.js:13012:23)\n    at Promise._settlePromiseFromHandler (https://demo.insightmonk.com/__cypress/runner/cypress_runner.js:10947:31)\n    at Promise._settlePromise (https://demo.insightmonk.com/__cypress/runner/cypress_runner.js:11004:18)\n    at Promise._settlePromise0 (https://demo.insightmonk.com/__cypress/runner/cypress_runner.js:11049:10)\n    at Promise._settlePromises (https://demo.insightmonk.com/__cypress/runner/cypress_runner.js:11129:18)\n    at Promise._fulfill (https://demo.insightmonk.com/__cypress/runner/cypress_runner.js:11073:18)\n    at https://demo.insightmonk.com/__cypress/runner/cypress_runner.js:12687:46\nFrom Your Spec Code:\n    at Context.eval (https://demo.insightmonk.com/__cypress/tests?p=cypress/e2e/reports.cy.js:121:39)",
                "diff": null
              },
              "uuid": "792a9b61-233e-4e04-acdf-2072993428dc",
              "parentUUID": "55f82718-d977-46f9-a5e1-02e1c7ab560b",
              "isHook": false,
              "skipped": false
            },
            {
              "title": "check when user want to filter reports by sector and report types",
              "fullTitle": "reports check when user want to filter reports by sector and report types",
              "timedOut": null,
              "duration": 27884,
              "state": "passed",
              "speed": "slow",
              "pass": true,
              "fail": false,
              "pending": false,
              "context": null,
              "code": "cy.get(\".report\").click();\ncy.wait(8000);\ncy.get(\":nth-child(2) > #panel1bh-header > .MuiButtonBase-root > .MuiIconButton-label > .MuiSvgIcon-root\").click();\ncy.get('[type=\"checkbox\"').check(\"Agriculture and Food Tech\");\ncy.wait(6000);\ncy.get(\":nth-child(3) > #panel1bh-header > .MuiButtonBase-root > .MuiIconButton-label > .MuiSvgIcon-root\").click();\ncy.get('[value=\"Sections\"]').check();",
              "err": {},
              "uuid": "5f0364fb-6721-4331-880d-b16f0520b469",
              "parentUUID": "55f82718-d977-46f9-a5e1-02e1c7ab560b",
              "isHook": false,
              "skipped": false
            }
          ],
          "suites": [],
          "passes": [
            "5f0364fb-6721-4331-880d-b16f0520b469"
          ],
          "failures": [
            "792a9b61-233e-4e04-acdf-2072993428dc"
          ],
          "pending": [],
          "skipped": [],
          "duration": 49689,
          "root": false,
          "rootEmpty": false,
          "_timeout": 2000
        }
      ],
      "passes": [],
      "failures": [],
      "pending": [],
      "skipped": [],
      "duration": 0,
      "root": true,
      "rootEmpty": true,
      "_timeout": 2000
    }
  ],
  "meta": {
    "mocha": {
      "version": "7.0.1"
    },
    "mochawesome": {
      "options": {
        "quiet": false,
        "reportFilename": "mochawesome",
        "saveHtml": false,
        "saveJson": true,
        "consoleReporter": "spec",
        "useInlineDiffs": false,
        "code": true
      },
      "version": "7.1.3"
    },
    "marge": {
      "options": {
        "charts": true,
        "overwrite": false,
        "html": false,
        "json": true,
        "reportDir": "cypress/reports"
      },
      "version": "6.2.0"
    }
  }
}