{
  "stats": {
    "suites": 1,
    "tests": 1,
    "passes": 1,
    "pending": 0,
    "failures": 0,
    "start": "2022-07-04T09:34:36.217Z",
    "end": "2022-07-04T09:34:54.717Z",
    "duration": 18500,
    "testsRegistered": 1,
    "passPercent": 100,
    "pendingPercent": 0,
    "other": 0,
    "hasOther": false,
    "skipped": 0,
    "hasSkipped": false
  },
  "results": [
    {
      "uuid": "60c3ce99-5681-487a-9ab5-3fb88d2cf567",
      "title": "",
      "fullFile": "cypress/e2e/forgotPassword.cy.js",
      "file": "cypress/e2e/forgotPassword.cy.js",
      "beforeHooks": [],
      "afterHooks": [],
      "tests": [],
      "suites": [
        {
          "uuid": "9abc510e-6c4f-491f-badf-3685246cd841",
          "title": "forgotpassword",
          "fullFile": "",
          "file": "",
          "beforeHooks": [],
          "afterHooks": [],
          "tests": [
            {
              "title": "when user forgot password",
              "fullTitle": "forgotpassword when user forgot password",
              "timedOut": null,
              "duration": 15981,
              "state": "passed",
              "speed": "slow",
              "pass": true,
              "fail": false,
              "pending": false,
              "context": null,
              "code": "cy.visit('https://demo.insightmonk.com/discover');\ncy.clearCookies({\n  log: true\n});\ncy.clearLocalStorage({\n  log: true\n});\ncy.contains(\"span\", \"Login\").click();\ncy.get('input[name=\"email\"]').type(\"bhalla.simran297@gmail.com\");\ncy.get('input[name=\"password\"]').type(\"bis@1994\");\ncy.contains(\"span\", \"Sign In\").click();\ncy.wait(4000);\ncy.contains(\"a\", \"Forgot password?\").click();\ncy.wait(2000);\ncy.get('input[name=\"email\"]').type(\"bhalla.simran297@gmail.com\");\ncy.contains(\"span\", \"Send recovery email\").click();",
              "err": {},
              "uuid": "066bca39-a460-47da-91ff-3d66713cbac1",
              "parentUUID": "9abc510e-6c4f-491f-badf-3685246cd841",
              "isHook": false,
              "skipped": false
            }
          ],
          "suites": [],
          "passes": [
            "066bca39-a460-47da-91ff-3d66713cbac1"
          ],
          "failures": [],
          "pending": [],
          "skipped": [],
          "duration": 15981,
          "root": false,
          "rootEmpty": false,
          "_timeout": 2000
        }
      ],
      "passes": [],
      "failures": [],
      "pending": [],
      "skipped": [],
      "duration": 0,
      "root": true,
      "rootEmpty": true,
      "_timeout": 2000
    }
  ],
  "meta": {
    "mocha": {
      "version": "7.0.1"
    },
    "mochawesome": {
      "options": {
        "quiet": false,
        "reportFilename": "mochawesome",
        "saveHtml": false,
        "saveJson": true,
        "consoleReporter": "spec",
        "useInlineDiffs": false,
        "code": true
      },
      "version": "7.1.3"
    },
    "marge": {
      "options": {
        "charts": true,
        "overwrite": false,
        "html": false,
        "json": true,
        "reportDir": "cypress/reports"
      },
      "version": "6.2.0"
    }
  }
}