{
  "stats": {
    "suites": 1,
    "tests": 4,
    "passes": 3,
    "pending": 0,
    "failures": 1,
    "start": "2022-07-04T10:06:54.400Z",
    "end": "2022-07-04T10:08:46.185Z",
    "duration": 111785,
    "testsRegistered": 4,
    "passPercent": 75,
    "pendingPercent": 0,
    "other": 0,
    "hasOther": false,
    "skipped": 0,
    "hasSkipped": false
  },
  "results": [
    {
      "uuid": "5cac78d3-578d-44fb-a84d-973ea2eac91c",
      "title": "",
      "fullFile": "cypress/e2e/topics.cy.js",
      "file": "cypress/e2e/topics.cy.js",
      "beforeHooks": [],
      "afterHooks": [],
      "tests": [],
      "suites": [
        {
          "uuid": "7a682e11-2dcc-4e0e-9168-8d00e8b1833b",
          "title": "topics",
          "fullFile": "",
          "file": "",
          "beforeHooks": [],
          "afterHooks": [],
          "tests": [
            {
              "title": "check when user want to click on total questions link",
              "fullTitle": "topics check when user want to click on total questions link",
              "timedOut": null,
              "duration": 32697,
              "state": "passed",
              "speed": "slow",
              "pass": true,
              "fail": false,
              "pending": false,
              "context": null,
              "code": "cy.get(\".topic\").click();\ncy.wait(8000);\ncy.contains('a', 'Questions').click();\ncy.wait(8000);",
              "err": {},
              "uuid": "ed0f0b03-6d38-49f9-b72b-a7f49bdba179",
              "parentUUID": "7a682e11-2dcc-4e0e-9168-8d00e8b1833b",
              "isHook": false,
              "skipped": false
            },
            {
              "title": "check when user want to click on total experts link",
              "fullTitle": "topics check when user want to click on total experts link",
              "timedOut": null,
              "duration": 30820,
              "state": "passed",
              "speed": "slow",
              "pass": true,
              "fail": false,
              "pending": false,
              "context": null,
              "code": "cy.get(\".topic\").click();\ncy.wait(8000);\ncy.contains('a', 'Experts').click();\ncy.wait(8000); // cy.go('back')",
              "err": {},
              "uuid": "4669381f-100c-49c8-b6c0-d53f493a4e36",
              "parentUUID": "7a682e11-2dcc-4e0e-9168-8d00e8b1833b",
              "isHook": false,
              "skipped": false
            },
            {
              "title": "check when user want to follow topic",
              "fullTitle": "topics check when user want to follow topic",
              "timedOut": null,
              "duration": 20340,
              "state": "passed",
              "speed": "slow",
              "pass": true,
              "fail": false,
              "pending": false,
              "context": null,
              "code": "cy.get(\".topic\").click();\ncy.wait(8000);\ncy.contains('span', 'Follow').first().click();",
              "err": {},
              "uuid": "c86f1c90-20ff-4f22-a72e-4ce2bb89a7ab",
              "parentUUID": "7a682e11-2dcc-4e0e-9168-8d00e8b1833b",
              "isHook": false,
              "skipped": false
            },
            {
              "title": "check when user want to unfollow  followed topic",
              "fullTitle": "topics check when user want to unfollow  followed topic",
              "timedOut": null,
              "duration": 24807,
              "state": "failed",
              "speed": null,
              "pass": false,
              "fail": true,
              "pending": false,
              "context": "{\n  \"title\": \"cypress-mochawesome-reporter-screenshots\",\n  \"value\": [\n    [\n      {\n        \"title\": \"Failed screenshot\",\n        \"value\": \"/topics.cy.js/topics -- check when user want to unfollow  followed topic (failed).png\"\n      }\n    ]\n  ]\n}",
              "code": "cy.get(\".topic\").click();\ncy.wait(8000);\ncy.contains('span', 'Unfollow').first().click();",
              "err": {
                "message": "AssertionError: Timed out retrying after 4000ms: Expected to find content: 'Unfollow' within the selector: 'span' but never did.",
                "estack": "AssertionError: Timed out retrying after 4000ms: Expected to find content: 'Unfollow' within the selector: 'span' but never did.\n    at Context.eval (https://demo.insightmonk.com/__cypress/tests?p=cypress/e2e/topics.cy.js:135:8)",
                "diff": null
              },
              "uuid": "de25fc58-f412-4a23-bfb7-53ad422e8338",
              "parentUUID": "7a682e11-2dcc-4e0e-9168-8d00e8b1833b",
              "isHook": false,
              "skipped": false
            }
          ],
          "suites": [],
          "passes": [
            "ed0f0b03-6d38-49f9-b72b-a7f49bdba179",
            "4669381f-100c-49c8-b6c0-d53f493a4e36",
            "c86f1c90-20ff-4f22-a72e-4ce2bb89a7ab"
          ],
          "failures": [
            "de25fc58-f412-4a23-bfb7-53ad422e8338"
          ],
          "pending": [],
          "skipped": [],
          "duration": 108664,
          "root": false,
          "rootEmpty": false,
          "_timeout": 2000
        }
      ],
      "passes": [],
      "failures": [],
      "pending": [],
      "skipped": [],
      "duration": 0,
      "root": true,
      "rootEmpty": true,
      "_timeout": 2000
    }
  ],
  "meta": {
    "mocha": {
      "version": "7.0.1"
    },
    "mochawesome": {
      "options": {
        "quiet": false,
        "reportFilename": "mochawesome",
        "saveHtml": false,
        "saveJson": true,
        "consoleReporter": "spec",
        "useInlineDiffs": false,
        "code": true
      },
      "version": "7.1.3"
    },
    "marge": {
      "options": {
        "charts": true,
        "overwrite": false,
        "html": false,
        "json": true,
        "reportDir": "cypress/reports"
      },
      "version": "6.2.0"
    }
  }
}