{
  "stats": {
    "suites": 1,
    "tests": 1,
    "passes": 0,
    "pending": 0,
    "failures": 1,
    "start": "2022-06-29T13:09:21.612Z",
    "end": "2022-06-29T13:09:42.784Z",
    "duration": 21172,
    "testsRegistered": 2,
    "passPercent": 0,
    "pendingPercent": 0,
    "other": 0,
    "hasOther": false,
    "skipped": 1,
    "hasSkipped": true
  },
  "results": [
    {
      "uuid": "f50a0f6c-3691-468b-8ef3-bf750ee3cf57",
      "title": "",
      "fullFile": "cypress/e2e/notification.cy.js",
      "file": "cypress/e2e/notification.cy.js",
      "beforeHooks": [],
      "afterHooks": [],
      "tests": [],
      "suites": [
        {
          "uuid": "3d2bda3a-95ad-4640-8fc0-55f74bc85b03",
          "title": "notification",
          "fullFile": "",
          "file": "",
          "beforeHooks": [],
          "afterHooks": [],
          "tests": [
            {
              "title": "check when user want to check notification.",
              "fullTitle": "notification check when user want to check notification.",
              "timedOut": null,
              "duration": 18049,
              "state": "failed",
              "speed": null,
              "pass": false,
              "fail": true,
              "pending": false,
              "context": "{\n  \"title\": \"cypress-mochawesome-reporter-screenshots\",\n  \"value\": [\n    [\n      {\n        \"title\": \"Failed screenshot\",\n        \"value\": \"/notification.cy.js/notification -- check when user want to check notification -- before each hook (failed).png\"\n      }\n    ]\n  ]\n}",
              "code": "cy.get(\".MuiBadge-root > .MuiSvgIcon-root > path\").click();\ncy.wait(5000);\ncy.get('body').click(0, 0); // cy.get(\".MuiBadge-root > .MuiSvgIcon-root > path\").click()",
              "err": {
                "message": "AssertionError: Timed out retrying after 4000ms: Expected to find content: 'Skip' within the selector: 'button' but never did.\n\nBecause this error occurred during a `before each` hook we are skipping the remaining tests in the current suite: `notification`",
                "estack": "AssertionError: Timed out retrying after 4000ms: Expected to find content: 'Skip' within the selector: 'button' but never did.\n\nBecause this error occurred during a `before each` hook we are skipping the remaining tests in the current suite: `notification`\n    at Context.eval (https://demo.insightmonk.com/__cypress/tests?p=cypress/e2e/notification.cy.js:129:10)",
                "diff": null
              },
              "uuid": "4b989d65-304d-42eb-aec2-de0c76efc022",
              "parentUUID": "3d2bda3a-95ad-4640-8fc0-55f74bc85b03",
              "isHook": false,
              "skipped": false
            },
            {
              "title": "check when notification is clickable.",
              "fullTitle": "notification check when notification is clickable.",
              "timedOut": null,
              "duration": 0,
              "state": "skipped",
              "speed": null,
              "pass": false,
              "fail": false,
              "pending": false,
              "context": null,
              "code": "cy.get(\".MuiBadge-root > .MuiSvgIcon-root > path\").click();\ncy.wait(5000);\ncy.get(':nth-child(1) > .MuiButtonBase-root > .MuiCardHeader-root').click();",
              "err": {},
              "uuid": "c379eb98-0d4b-43a9-8135-27c0c5093056",
              "parentUUID": "3d2bda3a-95ad-4640-8fc0-55f74bc85b03",
              "isHook": false,
              "skipped": true
            }
          ],
          "suites": [],
          "passes": [],
          "failures": [
            "4b989d65-304d-42eb-aec2-de0c76efc022"
          ],
          "pending": [],
          "skipped": [
            "c379eb98-0d4b-43a9-8135-27c0c5093056"
          ],
          "duration": 18049,
          "root": false,
          "rootEmpty": false,
          "_timeout": 2000
        }
      ],
      "passes": [],
      "failures": [],
      "pending": [],
      "skipped": [],
      "duration": 0,
      "root": true,
      "rootEmpty": true,
      "_timeout": 2000
    }
  ],
  "meta": {
    "mocha": {
      "version": "7.0.1"
    },
    "mochawesome": {
      "options": {
        "quiet": false,
        "reportFilename": "mochawesome",
        "saveHtml": false,
        "saveJson": true,
        "consoleReporter": "spec",
        "useInlineDiffs": false,
        "code": true
      },
      "version": "7.1.3"
    },
    "marge": {
      "options": {
        "charts": true,
        "overwrite": false,
        "html": false,
        "json": true,
        "reportDir": "cypress/reports"
      },
      "version": "6.2.0"
    }
  }
}