{
  "stats": {
    "suites": 1,
    "tests": 3,
    "passes": 3,
    "pending": 0,
    "failures": 0,
    "start": "2022-07-04T10:00:38.091Z",
    "end": "2022-07-04T10:03:12.832Z",
    "duration": 154741,
    "testsRegistered": 3,
    "passPercent": 100,
    "pendingPercent": 0,
    "other": 0,
    "hasOther": false,
    "skipped": 0,
    "hasSkipped": false
  },
  "results": [
    {
      "uuid": "afc30c61-bf53-419b-a03f-c85f615c8f89",
      "title": "",
      "fullFile": "cypress/e2e/requestForConsultation.cy.js",
      "file": "cypress/e2e/requestForConsultation.cy.js",
      "beforeHooks": [],
      "afterHooks": [],
      "tests": [],
      "suites": [
        {
          "uuid": "a805ab56-e041-4cc0-b5ac-5a60c42e303d",
          "title": "request for consultation",
          "fullFile": "",
          "file": "",
          "beforeHooks": [],
          "afterHooks": [],
          "tests": [
            {
              "title": "check when user want to request a consultion to expert.",
              "fullTitle": "request for consultation check when user want to request a consultion to expert.",
              "timedOut": null,
              "duration": 48306,
              "state": "passed",
              "speed": "slow",
              "pass": true,
              "fail": false,
              "pending": false,
              "context": null,
              "code": "cy.wait(2000);\ncy.get(\".expert\").click();\ncy.get('[placeholder=\"Find Experts\"]').type('sonu yadav');\ncy.wait(8000);\ncy.get(\".MuiGrid-justify-content-xs-center\").contains(\"h6\", \"Sonu\").click();\ncy.wait(5000);\ncy.contains(\"span\", \"Request a consultation\").click();\ncy.get(\":nth-child(1) > #panel1a-header > .MuiButtonBase-root > .MuiIconButton-label > .MuiSvgIcon-root\").click();\ncy.get('[value=\"Idea discussion\"]').check();\ncy.wait(5000);\ncy.contains(\"span\", \"Next \").click();\ncy.get('[name=\"title\"]').type(\"testing testing\");\ncy.get('[placeholder=\"Enter project Description\"]').type(\"The resources of a microservice based applications can be manipulated in several ways. It is possible to create, update, delete them, and do other operations as well.\");\ncy.contains(\"span\", \"Next \").click();\ncy.contains(\"span\", \"Within a week\").click();\ncy.contains(\"span\", \"Next \").click();",
              "err": {},
              "uuid": "0318e393-8ac6-4b39-8387-c7af3f7bdbb2",
              "parentUUID": "a805ab56-e041-4cc0-b5ac-5a60c42e303d",
              "isHook": false,
              "skipped": false
            },
            {
              "title": "check when user enter title less than required characters",
              "fullTitle": "request for consultation check when user enter title less than required characters",
              "timedOut": null,
              "duration": 51044,
              "state": "passed",
              "speed": "slow",
              "pass": true,
              "fail": false,
              "pending": false,
              "context": null,
              "code": "cy.wait(2000);\ncy.get(\".expert\").click();\ncy.get('[placeholder=\"Find Experts\"]').type('sonu yadav');\ncy.wait(8000);\ncy.get(\".MuiGrid-justify-content-xs-center\").contains(\"h6\", \"Sonu\").click();\ncy.wait(5000);\ncy.contains(\"span\", \"Request a consultation\").click();\ncy.get(\":nth-child(1) > #panel1a-header > .MuiButtonBase-root > .MuiIconButton-label > .MuiSvgIcon-root\").click();\ncy.get('[value=\"Idea discussion\"]').check();\ncy.wait(5000);\ncy.contains(\"span\", \"Next \").click();\ncy.get('[name=\"title\"]').type(\"test\");\ncy.get('[placeholder=\"Enter project Description\"]').type(\"The resources of a microservice based applications can be manipulated in several ways. It is possible to create, update, delete them, and do other operations as well.\");\ncy.contains(\"span\", \"Next \").click();\ncy.wait(5000); // cy.contains(\"span\", \"Within a week\").click()\n// cy.contains(\"span\", \"Next \").click()",
              "err": {},
              "uuid": "64ebab56-9726-4cdf-969b-b3d0dc617c6b",
              "parentUUID": "a805ab56-e041-4cc0-b5ac-5a60c42e303d",
              "isHook": false,
              "skipped": false
            },
            {
              "title": "check when user do not select hiring timeline",
              "fullTitle": "request for consultation check when user do not select hiring timeline",
              "timedOut": null,
              "duration": 52920,
              "state": "passed",
              "speed": "slow",
              "pass": true,
              "fail": false,
              "pending": false,
              "context": null,
              "code": "cy.wait(2000);\ncy.get(\".expert\").click();\ncy.get('[placeholder=\"Find Experts\"]').type('sonu yadav');\ncy.wait(8000);\ncy.get(\".MuiGrid-justify-content-xs-center\").contains(\"h6\", \"Sonu\").click();\ncy.wait(5000);\ncy.contains(\"span\", \"Request a consultation\").click();\ncy.get(\":nth-child(1) > #panel1a-header > .MuiButtonBase-root > .MuiIconButton-label > .MuiSvgIcon-root\").click();\ncy.get('[value=\"Idea discussion\"]').check();\ncy.wait(5000);\ncy.contains(\"span\", \"Next \").click();\ncy.get('[name=\"title\"]').type(\"testing testing\");\ncy.get('[placeholder=\"Enter project Description\"]').type(\"The resources of a microservice based applications can be manipulated in several ways. It is possible to create, update, delete them, and do other operations as well.\");\ncy.contains(\"span\", \"Next \").click();\ncy.wait(5000);\ncy.contains(\"span\", \"Next \").click();",
              "err": {},
              "uuid": "043f7fed-41fb-4a10-825f-219e1540a192",
              "parentUUID": "a805ab56-e041-4cc0-b5ac-5a60c42e303d",
              "isHook": false,
              "skipped": false
            }
          ],
          "suites": [],
          "passes": [
            "0318e393-8ac6-4b39-8387-c7af3f7bdbb2",
            "64ebab56-9726-4cdf-969b-b3d0dc617c6b",
            "043f7fed-41fb-4a10-825f-219e1540a192"
          ],
          "failures": [],
          "pending": [],
          "skipped": [],
          "duration": 152270,
          "root": false,
          "rootEmpty": false,
          "_timeout": 2000
        }
      ],
      "passes": [],
      "failures": [],
      "pending": [],
      "skipped": [],
      "duration": 0,
      "root": true,
      "rootEmpty": true,
      "_timeout": 2000
    }
  ],
  "meta": {
    "mocha": {
      "version": "7.0.1"
    },
    "mochawesome": {
      "options": {
        "quiet": false,
        "reportFilename": "mochawesome",
        "saveHtml": false,
        "saveJson": true,
        "consoleReporter": "spec",
        "useInlineDiffs": false,
        "code": true
      },
      "version": "7.1.3"
    },
    "marge": {
      "options": {
        "charts": true,
        "overwrite": false,
        "html": false,
        "json": true,
        "reportDir": "cypress/reports"
      },
      "version": "6.2.0"
    }
  }
}