{
  "stats": {
    "suites": 1,
    "tests": 6,
    "passes": 6,
    "pending": 0,
    "failures": 0,
    "start": "2022-07-04T10:04:44.796Z",
    "end": "2022-07-04T10:06:31.238Z",
    "duration": 106442,
    "testsRegistered": 6,
    "passPercent": 100,
    "pendingPercent": 0,
    "other": 0,
    "hasOther": false,
    "skipped": 0,
    "hasSkipped": false
  },
  "results": [
    {
      "uuid": "d45cebb8-d2a2-48ff-8e6f-5c4a5571b556",
      "title": "",
      "fullFile": "cypress/e2e/signup.cy.js",
      "file": "cypress/e2e/signup.cy.js",
      "beforeHooks": [],
      "afterHooks": [],
      "tests": [],
      "suites": [
        {
          "uuid": "e7e8503b-d03e-4988-a34b-05fa0af60b31",
          "title": "signup test",
          "fullFile": "",
          "file": "",
          "beforeHooks": [],
          "afterHooks": [],
          "tests": [
            {
              "title": "when user enter all valid details for signup",
              "fullTitle": "signup test when user enter all valid details for signup",
              "timedOut": null,
              "duration": 19154,
              "state": "passed",
              "speed": "slow",
              "pass": true,
              "fail": false,
              "pending": false,
              "context": null,
              "code": "cy.visit('https://demo.insightmonk.com/discover');\ncy.wait(7000);\ncy.contains(\"span\", \"Sign Up\").click();\ncy.contains(\"span\", \"Join as a user\").click();\ncy.get('input[name=\"firstName\"]').type(\"simran\");\ncy.get('input[name=\"lastName\"]').type(\"bhalla\");\ncy.get('input[name=\"email\"]').type(\"bhalla.simran297+127@gmail.com\");\ncy.get('input[name=\"password\"]').type(\"bis@1998\");\ncy.get('input[name=\"confirmPassword\"]').type(\"bis@1998\");\ncy.get('[type=\"checkbox\"]').first().check();\ncy.contains(\"span\", \"Sign Up\").click();",
              "err": {},
              "uuid": "0506d918-01e6-4916-9438-88ff810d090b",
              "parentUUID": "e7e8503b-d03e-4988-a34b-05fa0af60b31",
              "isHook": false,
              "skipped": false
            },
            {
              "title": "when user enter differt confirm password",
              "fullTitle": "signup test when user enter differt confirm password",
              "timedOut": null,
              "duration": 17337,
              "state": "passed",
              "speed": "slow",
              "pass": true,
              "fail": false,
              "pending": false,
              "context": null,
              "code": "cy.visit('https://demo.insightmonk.com/discover');\ncy.wait(7000);\ncy.contains(\"span\", \"Sign Up\").click();\ncy.contains(\"span\", \"Join as a user\").click();\ncy.get('input[name=\"firstName\"]').type(\"simran\");\ncy.get('input[name=\"lastName\"]').type(\"bhalla\");\ncy.get('input[name=\"email\"]').type(\"bhalla.simran297+127@gmail.com\");\ncy.get('input[name=\"password\"]').type(\"bis@1998\");\ncy.get('input[name=\"confirmPassword\"]').type(\"bis@1990\");\ncy.get('[type=\"checkbox\"]').first().check();\ncy.contains(\"span\", \"Sign Up\").click();",
              "err": {},
              "uuid": "8c0b8b94-dfbe-402c-a654-689eb092509a",
              "parentUUID": "e7e8503b-d03e-4988-a34b-05fa0af60b31",
              "isHook": false,
              "skipped": false
            },
            {
              "title": "when user do not enter lastname",
              "fullTitle": "signup test when user do not enter lastname",
              "timedOut": null,
              "duration": 15798,
              "state": "passed",
              "speed": "slow",
              "pass": true,
              "fail": false,
              "pending": false,
              "context": null,
              "code": "cy.visit('https://demo.insightmonk.com/discover');\ncy.wait(7000);\ncy.contains(\"span\", \"Sign Up\").click();\ncy.contains(\"span\", \"Join as a user\").click();\ncy.get('input[name=\"firstName\"]').type(\"simran\"); // cy.get('input[name=\"lastName\"]').type(\"bhalla\")\ncy.get('input[name=\"email\"]').type(\"bhalla.simran297+127@gmail.com\");\ncy.get('input[name=\"password\"]').type(\"bis@1998\");\ncy.get('input[name=\"confirmPassword\"]').type(\"bis@1998\");\ncy.get('[type=\"checkbox\"]').first().check();\ncy.contains(\"span\", \"Sign Up\").click();",
              "err": {},
              "uuid": "d627079b-812c-494e-8258-8feb5964db8a",
              "parentUUID": "e7e8503b-d03e-4988-a34b-05fa0af60b31",
              "isHook": false,
              "skipped": false
            },
            {
              "title": "when user enter incorrect email id",
              "fullTitle": "signup test when user enter incorrect email id",
              "timedOut": null,
              "duration": 16525,
              "state": "passed",
              "speed": "slow",
              "pass": true,
              "fail": false,
              "pending": false,
              "context": null,
              "code": "cy.visit('https://demo.insightmonk.com/discover');\ncy.wait(7000);\ncy.contains(\"span\", \"Sign Up\").click();\ncy.contains(\"span\", \"Join as a user\").click();\ncy.get('input[name=\"firstName\"]').type(\"simran\");\ncy.get('input[name=\"lastName\"]').type(\"bhalla\");\ncy.get('input[name=\"email\"]').type(\"bhalla.simran297+127gmail.com\");\ncy.get('input[name=\"password\"]').type(\"bis@1998\");\ncy.get('input[name=\"confirmPassword\"]').type(\"bis@1998\");\ncy.get('[type=\"checkbox\"]').first().check();\ncy.contains(\"span\", \"Sign Up\").click();",
              "err": {},
              "uuid": "a9f3a672-e7e2-4cfe-ba48-1acf2604a503",
              "parentUUID": "e7e8503b-d03e-4988-a34b-05fa0af60b31",
              "isHook": false,
              "skipped": false
            },
            {
              "title": "when user enter password lessthan max length",
              "fullTitle": "signup test when user enter password lessthan max length",
              "timedOut": null,
              "duration": 16728,
              "state": "passed",
              "speed": "slow",
              "pass": true,
              "fail": false,
              "pending": false,
              "context": null,
              "code": "cy.visit('https://demo.insightmonk.com/discover');\ncy.wait(7000);\ncy.contains(\"span\", \"Sign Up\").click();\ncy.contains(\"span\", \"Join as a user\").click();\ncy.get('input[name=\"firstName\"]').type(\"simran\");\ncy.get('input[name=\"lastName\"]').type(\"bhalla\");\ncy.get('input[name=\"email\"]').type(\"bhalla.simran297+127@gmail.com\");\ncy.get('input[name=\"password\"]').type(\"bis\");\ncy.get('input[name=\"confirmPassword\"]').type(\"bis\");\ncy.get('[type=\"checkbox\"]').first().check();\ncy.contains(\"span\", \"Sign Up\").click();",
              "err": {},
              "uuid": "a68065db-1f94-486c-97a4-f42e4d5197c9",
              "parentUUID": "e7e8503b-d03e-4988-a34b-05fa0af60b31",
              "isHook": false,
              "skipped": false
            },
            {
              "title": "when user do not check on tearms and policy checkbox",
              "fullTitle": "signup test when user do not check on tearms and policy checkbox",
              "timedOut": null,
              "duration": 17718,
              "state": "passed",
              "speed": "slow",
              "pass": true,
              "fail": false,
              "pending": false,
              "context": null,
              "code": "cy.visit('https://demo.insightmonk.com/discover');\ncy.wait(7000);\ncy.contains(\"span\", \"Sign Up\").click();\ncy.contains(\"span\", \"Join as a user\").click();\ncy.get('input[name=\"firstName\"]').type(\"simran\");\ncy.get('input[name=\"lastName\"]').type(\"bhalla\");\ncy.get('input[name=\"email\"]').type(\"bhalla.simran297+127@gmail.com\");\ncy.get('input[name=\"password\"]').type(\"bis@1998\");\ncy.get('input[name=\"confirmPassword\"]').type(\"bis@1998\");\ncy.contains(\"span\", \"Sign Up\").click();",
              "err": {},
              "uuid": "c2714f04-058c-4382-971e-aed3294a84d5",
              "parentUUID": "e7e8503b-d03e-4988-a34b-05fa0af60b31",
              "isHook": false,
              "skipped": false
            }
          ],
          "suites": [],
          "passes": [
            "0506d918-01e6-4916-9438-88ff810d090b",
            "8c0b8b94-dfbe-402c-a654-689eb092509a",
            "d627079b-812c-494e-8258-8feb5964db8a",
            "a9f3a672-e7e2-4cfe-ba48-1acf2604a503",
            "a68065db-1f94-486c-97a4-f42e4d5197c9",
            "c2714f04-058c-4382-971e-aed3294a84d5"
          ],
          "failures": [],
          "pending": [],
          "skipped": [],
          "duration": 103260,
          "root": false,
          "rootEmpty": false,
          "_timeout": 2000
        }
      ],
      "passes": [],
      "failures": [],
      "pending": [],
      "skipped": [],
      "duration": 0,
      "root": true,
      "rootEmpty": true,
      "_timeout": 2000
    }
  ],
  "meta": {
    "mocha": {
      "version": "7.0.1"
    },
    "mochawesome": {
      "options": {
        "quiet": false,
        "reportFilename": "mochawesome",
        "saveHtml": false,
        "saveJson": true,
        "consoleReporter": "spec",
        "useInlineDiffs": false,
        "code": true
      },
      "version": "7.1.3"
    },
    "marge": {
      "options": {
        "charts": true,
        "overwrite": false,
        "html": false,
        "json": true,
        "reportDir": "cypress/reports"
      },
      "version": "6.2.0"
    }
  }
}