{
  "stats": {
    "suites": 1,
    "tests": 2,
    "passes": 2,
    "pending": 0,
    "failures": 0,
    "start": "2022-07-04T09:55:34.442Z",
    "end": "2022-07-04T09:56:55.178Z",
    "duration": 80736,
    "testsRegistered": 2,
    "passPercent": 100,
    "pendingPercent": 0,
    "other": 0,
    "hasOther": false,
    "skipped": 0,
    "hasSkipped": false
  },
  "results": [
    {
      "uuid": "ab2c7d83-b996-4429-ba9a-cd59690dad24",
      "title": "",
      "fullFile": "cypress/e2e/profile.cy.js",
      "file": "cypress/e2e/profile.cy.js",
      "beforeHooks": [],
      "afterHooks": [],
      "tests": [],
      "suites": [
        {
          "uuid": "eb2d1785-df8e-41e3-a3bb-518b40da8431",
          "title": "profile",
          "fullFile": "",
          "file": "",
          "beforeHooks": [],
          "afterHooks": [],
          "tests": [
            {
              "title": "check when user want to check my profile and change password.",
              "fullTitle": "profile check when user want to check my profile and change password.",
              "timedOut": null,
              "duration": 39587,
              "state": "passed",
              "speed": "slow",
              "pass": true,
              "fail": false,
              "pending": false,
              "context": null,
              "code": "cy.wait(6000);\ncy.get(\".MuiButton-label > .MuiAvatar-root\").click();\ncy.wait(2000);\ncy.contains(\"span\", \"My Profile\").click();\ncy.wait(6000);\ncy.contains(\"span\", \"Change password\").click();\ncy.get('input[name=\"oldPassword\"]').type('bis@1234');\ncy.get('input[name=\"newPassWord\"]').type('bis@123456');\ncy.get('input[name=\"confirmPassword\"]').type('bis@123456');\ncy.wait(2000);\ncy.contains(\"span\", \"Cancel\").click();",
              "err": {},
              "uuid": "6a253861-fb0e-4701-9326-a2caff81577d",
              "parentUUID": "eb2d1785-df8e-41e3-a3bb-518b40da8431",
              "isHook": false,
              "skipped": false
            },
            {
              "title": "when user want to edit profile",
              "fullTitle": "profile when user want to edit profile",
              "timedOut": null,
              "duration": 38398,
              "state": "passed",
              "speed": "slow",
              "pass": true,
              "fail": false,
              "pending": false,
              "context": null,
              "code": "cy.wait(3000);\ncy.get(\".MuiButton-label > .MuiAvatar-root\").click();\ncy.wait(2000);\ncy.contains(\"span\", \"Edit Profile\").click();\ncy.wait(5000);\ncy.get('input[name=\"name\"]').clear();\ncy.get('input[name=\"name\"]').type('simran simran');\ncy.get('input[name=\"zip\"]').clear();\ncy.get('input[name=\"zip\"]').type('120087'); // const input = cy.get('input[value=\"+91\"]')\n// const flag = cy.get(\".selected-flag\")\n// if (input === \"\" && flag === \"\") {\n//     cy.log(\"blank\")\n//     cy.get(\".arrow\").click()\n//     cy.contains(\"span\", \"+91\").click()\n//     cy.get('input[value=\"+91\"]').type('8920669876')\n//     cy.wait(2000)\n// }\ncy.contains(\"span\", \"Save\");\ncy.wait(2000);",
              "err": {},
              "uuid": "133e2c8a-40d8-4466-ac6e-5aad3316ae18",
              "parentUUID": "eb2d1785-df8e-41e3-a3bb-518b40da8431",
              "isHook": false,
              "skipped": false
            }
          ],
          "suites": [],
          "passes": [
            "6a253861-fb0e-4701-9326-a2caff81577d",
            "133e2c8a-40d8-4466-ac6e-5aad3316ae18"
          ],
          "failures": [],
          "pending": [],
          "skipped": [],
          "duration": 77985,
          "root": false,
          "rootEmpty": false,
          "_timeout": 2000
        }
      ],
      "passes": [],
      "failures": [],
      "pending": [],
      "skipped": [],
      "duration": 0,
      "root": true,
      "rootEmpty": true,
      "_timeout": 2000
    }
  ],
  "meta": {
    "mocha": {
      "version": "7.0.1"
    },
    "mochawesome": {
      "options": {
        "quiet": false,
        "reportFilename": "mochawesome",
        "saveHtml": false,
        "saveJson": true,
        "consoleReporter": "spec",
        "useInlineDiffs": false,
        "code": true
      },
      "version": "7.1.3"
    },
    "marge": {
      "options": {
        "charts": true,
        "overwrite": false,
        "html": false,
        "json": true,
        "reportDir": "cypress/reports"
      },
      "version": "6.2.0"
    }
  }
}