{
  "stats": {
    "suites": 1,
    "tests": 4,
    "passes": 3,
    "pending": 0,
    "failures": 1,
    "start": "2022-06-29T13:22:37.966Z",
    "end": "2022-06-29T13:24:30.823Z",
    "duration": 112857,
    "testsRegistered": 4,
    "passPercent": 75,
    "pendingPercent": 0,
    "other": 0,
    "hasOther": false,
    "skipped": 0,
    "hasSkipped": false
  },
  "results": [
    {
      "uuid": "879f6804-caae-4185-993b-913f7d134b6a",
      "title": "",
      "fullFile": "cypress/e2e/topics.cy.js",
      "file": "cypress/e2e/topics.cy.js",
      "beforeHooks": [],
      "afterHooks": [],
      "tests": [],
      "suites": [
        {
          "uuid": "480f786e-b615-4f2e-9053-03355ef3edda",
          "title": "topics",
          "fullFile": "",
          "file": "",
          "beforeHooks": [],
          "afterHooks": [],
          "tests": [
            {
              "title": "check when user want to click on total questions link",
              "fullTitle": "topics check when user want to click on total questions link",
              "timedOut": null,
              "duration": 32332,
              "state": "passed",
              "speed": "slow",
              "pass": true,
              "fail": false,
              "pending": false,
              "context": null,
              "code": "cy.get(\".topic\").click();\ncy.wait(8000);\ncy.contains('a', 'Questions').click();\ncy.wait(8000);",
              "err": {},
              "uuid": "ee05e164-bafa-451f-9c4c-2660fee280a4",
              "parentUUID": "480f786e-b615-4f2e-9053-03355ef3edda",
              "isHook": false,
              "skipped": false
            },
            {
              "title": "check when user want to click on total experts link",
              "fullTitle": "topics check when user want to click on total experts link",
              "timedOut": null,
              "duration": 32210,
              "state": "passed",
              "speed": "slow",
              "pass": true,
              "fail": false,
              "pending": false,
              "context": null,
              "code": "cy.get(\".topic\").click();\ncy.wait(8000);\ncy.contains('a', 'Experts').click();\ncy.wait(8000); // cy.go('back')",
              "err": {},
              "uuid": "c144d6f2-89cc-4f46-bcef-6bd6070bece7",
              "parentUUID": "480f786e-b615-4f2e-9053-03355ef3edda",
              "isHook": false,
              "skipped": false
            },
            {
              "title": "check when user want to follow topic",
              "fullTitle": "topics check when user want to follow topic",
              "timedOut": null,
              "duration": 20722,
              "state": "passed",
              "speed": "slow",
              "pass": true,
              "fail": false,
              "pending": false,
              "context": null,
              "code": "cy.get(\".topic\").click();\ncy.wait(8000);\ncy.contains('span', 'Follow').first().click();",
              "err": {},
              "uuid": "ccdfadd5-b02e-40b7-86b6-06ab2064cabe",
              "parentUUID": "480f786e-b615-4f2e-9053-03355ef3edda",
              "isHook": false,
              "skipped": false
            },
            {
              "title": "check when user want to unfollow  followed topic",
              "fullTitle": "topics check when user want to unfollow  followed topic",
              "timedOut": null,
              "duration": 24394,
              "state": "failed",
              "speed": null,
              "pass": false,
              "fail": true,
              "pending": false,
              "context": "{\n  \"title\": \"cypress-mochawesome-reporter-screenshots\",\n  \"value\": [\n    [\n      {\n        \"title\": \"Failed screenshot\",\n        \"value\": \"/topics.cy.js/topics -- check when user want to unfollow  followed topic (failed).png\"\n      }\n    ]\n  ]\n}",
              "code": "cy.get(\".topic\").click();\ncy.wait(8000);\ncy.contains('span', 'Unfollow').first().click();",
              "err": {
                "message": "AssertionError: Timed out retrying after 4000ms: Expected to find content: 'Unfollow' within the selector: 'span' but never did.",
                "estack": "AssertionError: Timed out retrying after 4000ms: Expected to find content: 'Unfollow' within the selector: 'span' but never did.\n    at Context.eval (https://demo.insightmonk.com/__cypress/tests?p=cypress/e2e/topics.cy.js:135:8)",
                "diff": null
              },
              "uuid": "09a0d527-5465-439b-a819-a744b3843de4",
              "parentUUID": "480f786e-b615-4f2e-9053-03355ef3edda",
              "isHook": false,
              "skipped": false
            }
          ],
          "suites": [],
          "passes": [
            "ee05e164-bafa-451f-9c4c-2660fee280a4",
            "c144d6f2-89cc-4f46-bcef-6bd6070bece7",
            "ccdfadd5-b02e-40b7-86b6-06ab2064cabe"
          ],
          "failures": [
            "09a0d527-5465-439b-a819-a744b3843de4"
          ],
          "pending": [],
          "skipped": [],
          "duration": 109658,
          "root": false,
          "rootEmpty": false,
          "_timeout": 2000
        }
      ],
      "passes": [],
      "failures": [],
      "pending": [],
      "skipped": [],
      "duration": 0,
      "root": true,
      "rootEmpty": true,
      "_timeout": 2000
    }
  ],
  "meta": {
    "mocha": {
      "version": "7.0.1"
    },
    "mochawesome": {
      "options": {
        "quiet": false,
        "reportFilename": "mochawesome",
        "saveHtml": false,
        "saveJson": true,
        "consoleReporter": "spec",
        "useInlineDiffs": false,
        "code": true
      },
      "version": "7.1.3"
    },
    "marge": {
      "options": {
        "charts": true,
        "overwrite": false,
        "html": false,
        "json": true,
        "reportDir": "cypress/reports"
      },
      "version": "6.2.0"
    }
  }
}