{
  "stats": {
    "suites": 1,
    "tests": 1,
    "passes": 1,
    "pending": 0,
    "failures": 0,
    "start": "2022-06-29T13:09:52.092Z",
    "end": "2022-06-29T13:10:25.524Z",
    "duration": 33432,
    "testsRegistered": 1,
    "passPercent": 100,
    "pendingPercent": 0,
    "other": 0,
    "hasOther": false,
    "skipped": 0,
    "hasSkipped": false
  },
  "results": [
    {
      "uuid": "4079707e-b908-4738-8e50-c4b4446c9be8",
      "title": "",
      "fullFile": "cypress/e2e/post_answer.cy.js",
      "file": "cypress/e2e/post_answer.cy.js",
      "beforeHooks": [],
      "afterHooks": [],
      "tests": [],
      "suites": [
        {
          "uuid": "82fbb535-4934-468a-a262-4ac25535ee4f",
          "title": "post answer",
          "fullFile": "",
          "file": "",
          "beforeHooks": [],
          "afterHooks": [],
          "tests": [
            {
              "title": "check when user post a question with required details.",
              "fullTitle": "post answer check when user post a question with required details.",
              "timedOut": null,
              "duration": 29789,
              "state": "passed",
              "speed": "slow",
              "pass": true,
              "fail": false,
              "pending": false,
              "context": null,
              "code": "cy.wait(8000);\ncy.get(\".jss99 > .MuiLink-root > .MuiPaper-root > .MuiGrid-wrap-xs-nowrap > :nth-child(2) > :nth-child(1) > .MuiGrid-grid-xs-true\").click();\ncy.wait(7000); // cy.get(\".ql-editor\").type(\"testing\")\n// cy.get(\".ql-editor\").type('{selectall}')\n// cy.wait(8000)\n// cy.get(\".ql-bold\").click()\n// cy.get('body').click(0, 0);\n// cy.wait(8000)\n// cy.get(\".ql-editor\").type('{selectall}')\n// cy.wait(3000)\n// cy.get(\".ql-italic\").click()\n// cy.get('body').click(0, 0);\n// cy.wait(8000)\n// cy.get(\".ql-editor\").type('{selectall}')\n// cy.wait(3000)\n// cy.get(\".ql-underline\").click()\n// cy.wait(8000)\nconst filepath = 'download.jpg';\ncy.get('.ql-image').find('i').first().attachFile(filepath); // cy.contains('span', 'Post Answer').click()",
              "err": {},
              "uuid": "87571af3-5616-4d37-83ec-dcc509f8677b",
              "parentUUID": "82fbb535-4934-468a-a262-4ac25535ee4f",
              "isHook": false,
              "skipped": false
            }
          ],
          "suites": [],
          "passes": [
            "87571af3-5616-4d37-83ec-dcc509f8677b"
          ],
          "failures": [],
          "pending": [],
          "skipped": [],
          "duration": 29789,
          "root": false,
          "rootEmpty": false,
          "_timeout": 2000
        }
      ],
      "passes": [],
      "failures": [],
      "pending": [],
      "skipped": [],
      "duration": 0,
      "root": true,
      "rootEmpty": true,
      "_timeout": 2000
    }
  ],
  "meta": {
    "mocha": {
      "version": "7.0.1"
    },
    "mochawesome": {
      "options": {
        "quiet": false,
        "reportFilename": "mochawesome",
        "saveHtml": false,
        "saveJson": true,
        "consoleReporter": "spec",
        "useInlineDiffs": false,
        "code": true
      },
      "version": "7.1.3"
    },
    "marge": {
      "options": {
        "charts": true,
        "overwrite": false,
        "html": false,
        "json": true,
        "reportDir": "cypress/reports"
      },
      "version": "6.2.0"
    }
  }
}