{
  "stats": {
    "suites": 1,
    "tests": 4,
    "passes": 4,
    "pending": 0,
    "failures": 0,
    "start": "2022-07-04T09:45:59.866Z",
    "end": "2022-07-04T09:47:30.503Z",
    "duration": 90637,
    "testsRegistered": 4,
    "passPercent": 100,
    "pendingPercent": 0,
    "other": 0,
    "hasOther": false,
    "skipped": 0,
    "hasSkipped": false
  },
  "results": [
    {
      "uuid": "c819e753-015b-45a5-8c0f-d50e2fa8c264",
      "title": "",
      "fullFile": "cypress/e2e/liberary.cy.js",
      "file": "cypress/e2e/liberary.cy.js",
      "beforeHooks": [],
      "afterHooks": [],
      "tests": [],
      "suites": [
        {
          "uuid": "448a4b65-d9de-40c8-9003-14f38f52eb61",
          "title": "liberary",
          "fullFile": "",
          "file": "",
          "beforeHooks": [],
          "afterHooks": [],
          "tests": [
            {
              "title": "check when user want to check  liberary and view saved reports of all documents",
              "fullTitle": "liberary check when user want to check  liberary and view saved reports of all documents",
              "timedOut": null,
              "duration": 21802,
              "state": "passed",
              "speed": "slow",
              "pass": true,
              "fail": false,
              "pending": false,
              "context": null,
              "code": "cy.get(\".my-library\").click();\ncy.contains('th', 'I nternational I ntegration & I mpacts').parent('tr').children('td').find('button').click();\ncy.wait(5000);\ncy.contains(\"span\", \"close\").click(); //for dropdown\n// cy.get(\"#demo-controlled-open-select\").click()\n// cy.wait(3000)\n// cy.contains('Public Resources').click()",
              "err": {},
              "uuid": "7c5847d1-e489-457d-b5c0-474e8bb8f2bd",
              "parentUUID": "448a4b65-d9de-40c8-9003-14f38f52eb61",
              "isHook": false,
              "skipped": false
            },
            {
              "title": "when user want to view saved report of public source",
              "fullTitle": "liberary when user want to view saved report of public source",
              "timedOut": null,
              "duration": 30562,
              "state": "passed",
              "speed": "slow",
              "pass": true,
              "fail": false,
              "pending": false,
              "context": null,
              "code": "cy.wait(6000);\ncy.get(\".my-library\").click();\ncy.get(\"#demo-controlled-open-select\").click();\ncy.contains('Public Resources').click();\ncy.wait(3000);\ncy.contains('th', 'I nternational I ntegration & I mpacts').parent('tr').children('td').find('button').click();\ncy.wait(5000);\ncy.contains(\"span\", \"close\").click();",
              "err": {},
              "uuid": "d2d76a79-d559-47dc-ac6d-4abe88b38372",
              "parentUUID": "448a4b65-d9de-40c8-9003-14f38f52eb61",
              "isHook": false,
              "skipped": false
            },
            {
              "title": "when user want to view saved report of bis content",
              "fullTitle": "liberary when user want to view saved report of bis content",
              "timedOut": null,
              "duration": 22769,
              "state": "passed",
              "speed": "slow",
              "pass": true,
              "fail": false,
              "pending": false,
              "context": null,
              "code": "cy.get(\".my-library\").click();\ncy.get(\"#demo-controlled-open-select\").click();\ncy.contains('BIS Content').click();\ncy.wait(3000);\ncy.contains('th', 'Report Pharmacogenomics Market').parent('tr').children('td').find('button').first().click();\ncy.wait(5000);\ncy.contains(\"span\", \"close\").click();",
              "err": {},
              "uuid": "acff36e2-132f-4ceb-953a-0162b6261b13",
              "parentUUID": "448a4b65-d9de-40c8-9003-14f38f52eb61",
              "isHook": false,
              "skipped": false
            },
            {
              "title": "when user want to check transaction history",
              "fullTitle": "liberary when user want to check transaction history",
              "timedOut": null,
              "duration": 12840,
              "state": "passed",
              "speed": "slow",
              "pass": true,
              "fail": false,
              "pending": false,
              "context": null,
              "code": "cy.get(\".my-library\").click();\ncy.contains(\"span\", \"Transactions History\").click();",
              "err": {},
              "uuid": "554a10e2-1bee-47aa-8e0b-b3a2c9ed1e7e",
              "parentUUID": "448a4b65-d9de-40c8-9003-14f38f52eb61",
              "isHook": false,
              "skipped": false
            }
          ],
          "suites": [],
          "passes": [
            "7c5847d1-e489-457d-b5c0-474e8bb8f2bd",
            "d2d76a79-d559-47dc-ac6d-4abe88b38372",
            "acff36e2-132f-4ceb-953a-0162b6261b13",
            "554a10e2-1bee-47aa-8e0b-b3a2c9ed1e7e"
          ],
          "failures": [],
          "pending": [],
          "skipped": [],
          "duration": 87973,
          "root": false,
          "rootEmpty": false,
          "_timeout": 2000
        }
      ],
      "passes": [],
      "failures": [],
      "pending": [],
      "skipped": [],
      "duration": 0,
      "root": true,
      "rootEmpty": true,
      "_timeout": 2000
    }
  ],
  "meta": {
    "mocha": {
      "version": "7.0.1"
    },
    "mochawesome": {
      "options": {
        "quiet": false,
        "reportFilename": "mochawesome",
        "saveHtml": false,
        "saveJson": true,
        "consoleReporter": "spec",
        "useInlineDiffs": false,
        "code": true
      },
      "version": "7.1.3"
    },
    "marge": {
      "options": {
        "charts": true,
        "overwrite": false,
        "html": false,
        "json": true,
        "reportDir": "cypress/reports"
      },
      "version": "6.2.0"
    }
  }
}