{
  "stats": {
    "suites": 1,
    "tests": 8,
    "passes": 7,
    "pending": 0,
    "failures": 1,
    "start": "2022-07-04T09:25:33.728Z",
    "end": "2022-07-04T09:30:12.962Z",
    "duration": 279234,
    "testsRegistered": 8,
    "passPercent": 87.5,
    "pendingPercent": 0,
    "other": 0,
    "hasOther": false,
    "skipped": 0,
    "hasSkipped": false
  },
  "results": [
    {
      "uuid": "a004f67e-b239-43a5-8948-8273d51e40ce",
      "title": "",
      "fullFile": "cypress/e2e/discover_search.cy.js",
      "file": "cypress/e2e/discover_search.cy.js",
      "beforeHooks": [],
      "afterHooks": [],
      "tests": [],
      "suites": [
        {
          "uuid": "8161f2e0-dc06-4bb8-a30f-bcc49a5e2104",
          "title": "discover search",
          "fullFile": "",
          "file": "",
          "beforeHooks": [],
          "afterHooks": [],
          "tests": [
            {
              "title": "check when user enter nothing and press enter button.",
              "fullTitle": "discover search check when user enter nothing and press enter button.",
              "timedOut": null,
              "duration": 20418,
              "state": "passed",
              "speed": "slow",
              "pass": true,
              "fail": false,
              "pending": false,
              "context": null,
              "code": "cy.wait(3000);\ncy.get('input[placeholder=\"Find Answers for your Deeptech Questions\"]').type('{enter}');\ncy.wait(8000);",
              "err": {},
              "uuid": "ff8cf3c7-a1bb-4788-ba14-b8362a98fbb1",
              "parentUUID": "8161f2e0-dc06-4bb8-a30f-bcc49a5e2104",
              "isHook": false,
              "skipped": false
            },
            {
              "title": "check Typing  characters in the search box, it should show suggestions starting with the entered character.",
              "fullTitle": "discover search check Typing  characters in the search box, it should show suggestions starting with the entered character.",
              "timedOut": null,
              "duration": 19167,
              "state": "passed",
              "speed": "slow",
              "pass": true,
              "fail": false,
              "pending": false,
              "context": null,
              "code": "cy.wait(3000);\ncy.get('input[placeholder=\"Find Answers for your Deeptech Questions\"]').type('pre');\ncy.wait(8000);",
              "err": {},
              "uuid": "2c1c9fb7-9e60-46cb-91e7-4c325404cd5d",
              "parentUUID": "8161f2e0-dc06-4bb8-a30f-bcc49a5e2104",
              "isHook": false,
              "skipped": false
            },
            {
              "title": "check when user search with exact keyword and press enter.",
              "fullTitle": "discover search check when user search with exact keyword and press enter.",
              "timedOut": null,
              "duration": 37097,
              "state": "passed",
              "speed": "slow",
              "pass": true,
              "fail": false,
              "pending": false,
              "context": null,
              "code": "cy.wait(3000);\ncy.get('input[placeholder=\"Find Answers for your Deeptech Questions\"]').type('precision medicine{enter}');\ncy.wait(8000);\ncy.contains('span', 'Reports').click();\ncy.wait(8000);\ncy.contains('span', 'Q&A').click();\ncy.wait(8000);",
              "err": {},
              "uuid": "a856dd38-8d69-4a8f-913b-68e8adc43a1a",
              "parentUUID": "8161f2e0-dc06-4bb8-a30f-bcc49a5e2104",
              "isHook": false,
              "skipped": false
            },
            {
              "title": "check when user want to view and share public sources.",
              "fullTitle": "discover search check when user want to view and share public sources.",
              "timedOut": null,
              "duration": 30928,
              "state": "passed",
              "speed": "slow",
              "pass": true,
              "fail": false,
              "pending": false,
              "context": null,
              "code": "cy.wait(3000);\ncy.get('input[placeholder=\"Find Answers for your Deeptech Questions\"]').clear();\ncy.get('input[placeholder=\"Find Answers for your Deeptech Questions\"]').type('precision medicine{enter}');\ncy.wait(8000);\ncy.get(\"#long-button\").click();\ncy.contains(\"li\", \"Share\").click();\ncy.wait(3000);\ncy.get('.MuiGrid-justify-content-xs-flex-end > .MuiButtonBase-root > .MuiIconButton-label > .MuiSvgIcon-root > path').click();\ncy.wait(3000);\ncy.contains('span', 'View').click();",
              "err": {},
              "uuid": "7dd23c13-045b-46fa-9af6-21dbb4d22dec",
              "parentUUID": "8161f2e0-dc06-4bb8-a30f-bcc49a5e2104",
              "isHook": false,
              "skipped": false
            },
            {
              "title": "check when user want to select any sector with exact keyword.",
              "fullTitle": "discover search check when user want to select any sector with exact keyword.",
              "timedOut": null,
              "duration": 46660,
              "state": "failed",
              "speed": null,
              "pass": false,
              "fail": true,
              "pending": false,
              "context": "{\n  \"title\": \"cypress-mochawesome-reporter-screenshots\",\n  \"value\": [\n    [\n      {\n        \"title\": \"Failed screenshot\",\n        \"value\": \"/discover_search.cy.js/discover search -- check when user want to select any sector with exact keyword (failed).png\"\n      }\n    ]\n  ]\n}",
              "code": "cy.wait(3000);\ncy.get('input[placeholder=\"Find Answers for your Deeptech Questions\"]').clear();\ncy.get('input[placeholder=\"Find Answers for your Deeptech Questions\"]').type('precision digital health{enter}');\ncy.wait(8000);\ncy.get(\".MuiSelect-root\").click();\ncy.contains('li', 'Healthcare').click();\ncy.wait(3000);\ncy.contains('span', 'Reports').click();\ncy.wait(8000);\ncy.contains('span', 'Q&A').click();\ncy.wait(8000);\ncy.contains('span', 'Public Sources&A').click();",
              "err": {
                "message": "AssertionError: Timed out retrying after 4000ms: Expected to find content: 'Public Sources&A' within the selector: 'span' but never did.",
                "estack": "AssertionError: Timed out retrying after 4000ms: Expected to find content: 'Public Sources&A' within the selector: 'span' but never did.\n    at Context.eval (https://demo.insightmonk.com/__cypress/tests?p=cypress/e2e/discover_search.cy.js:150:8)",
                "diff": null
              },
              "uuid": "707a9901-022a-4716-bf21-0c329dd4cc3f",
              "parentUUID": "8161f2e0-dc06-4bb8-a30f-bcc49a5e2104",
              "isHook": false,
              "skipped": false
            },
            {
              "title": "check when user search keyword with any special character and press enter.",
              "fullTitle": "discover search check when user search keyword with any special character and press enter.",
              "timedOut": null,
              "duration": 40152,
              "state": "passed",
              "speed": "slow",
              "pass": true,
              "fail": false,
              "pending": false,
              "context": null,
              "code": "cy.wait(3000);\ncy.get('input[placeholder=\"Find Answers for your Deeptech Questions\"]').clear();\ncy.get('input[placeholder=\"Find Answers for your Deeptech Questions\"]').type('\"precision medicine\"{enter}');\ncy.wait(8000); // cy.get(\".MuiSelect-root\").click()\n// cy.contains('li', 'Healthcare').click()\ncy.wait(3000);\ncy.contains('span', 'Reports').click();\ncy.wait(8000);\ncy.contains('span', 'Q&A').click();\ncy.wait(8000); // cy.contains('span', 'Public Sources&A').click()",
              "err": {},
              "uuid": "4a63daa3-e3fd-43de-9edc-fcca3eb8f8a6",
              "parentUUID": "8161f2e0-dc06-4bb8-a30f-bcc49a5e2104",
              "isHook": false,
              "skipped": false
            },
            {
              "title": "check when user add space before,after and between the search keyword and press enter.",
              "fullTitle": "discover search check when user add space before,after and between the search keyword and press enter.",
              "timedOut": null,
              "duration": 40405,
              "state": "passed",
              "speed": "slow",
              "pass": true,
              "fail": false,
              "pending": false,
              "context": null,
              "code": "cy.wait(3000);\ncy.get('input[placeholder=\"Find Answers for your Deeptech Questions\"]').clear();\ncy.get('input[placeholder=\"Find Answers for your Deeptech Questions\"]').type('   waste  water {enter}');\ncy.wait(8000); // cy.get(\".MuiSelect-root\").click()\n// cy.contains('li', 'Healthcare').click()\ncy.wait(3000);\ncy.contains('span', 'Reports').click();\ncy.wait(8000);\ncy.contains('span', 'Q&A').click();\ncy.wait(8000); // cy.contains('span', 'Public Sources&A').click()",
              "err": {},
              "uuid": "01d36c64-f436-44c0-8d4a-0ac7e01e5ef2",
              "parentUUID": "8161f2e0-dc06-4bb8-a30f-bcc49a5e2104",
              "isHook": false,
              "skipped": false
            },
            {
              "title": "check when user search keyword with numeric value and press enter.",
              "fullTitle": "discover search check when user search keyword with numeric value and press enter.",
              "timedOut": null,
              "duration": 40388,
              "state": "passed",
              "speed": "slow",
              "pass": true,
              "fail": false,
              "pending": false,
              "context": null,
              "code": "cy.wait(3000);\ncy.get('input[placeholder=\"Find Answers for your Deeptech Questions\"]').clear();\ncy.get('input[placeholder=\"Find Answers for your Deeptech Questions\"]').type('waste water 123{enter}');\ncy.wait(8000); // cy.get(\".MuiSelect-root\").click()\n// cy.contains('li', 'Healthcare').click()\ncy.wait(3000);\ncy.contains('span', 'Reports').click();\ncy.wait(8000);\ncy.contains('span', 'Q&A').click();\ncy.wait(8000); // cy.contains('span', 'Public Sources&A').click()",
              "err": {},
              "uuid": "3c1d83ed-00fd-4f3b-8bb5-e1ccfb82cbe5",
              "parentUUID": "8161f2e0-dc06-4bb8-a30f-bcc49a5e2104",
              "isHook": false,
              "skipped": false
            }
          ],
          "suites": [],
          "passes": [
            "ff8cf3c7-a1bb-4788-ba14-b8362a98fbb1",
            "2c1c9fb7-9e60-46cb-91e7-4c325404cd5d",
            "a856dd38-8d69-4a8f-913b-68e8adc43a1a",
            "7dd23c13-045b-46fa-9af6-21dbb4d22dec",
            "4a63daa3-e3fd-43de-9edc-fcca3eb8f8a6",
            "01d36c64-f436-44c0-8d4a-0ac7e01e5ef2",
            "3c1d83ed-00fd-4f3b-8bb5-e1ccfb82cbe5"
          ],
          "failures": [
            "707a9901-022a-4716-bf21-0c329dd4cc3f"
          ],
          "pending": [],
          "skipped": [],
          "duration": 275215,
          "root": false,
          "rootEmpty": false,
          "_timeout": 2000
        }
      ],
      "passes": [],
      "failures": [],
      "pending": [],
      "skipped": [],
      "duration": 0,
      "root": true,
      "rootEmpty": true,
      "_timeout": 2000
    }
  ],
  "meta": {
    "mocha": {
      "version": "7.0.1"
    },
    "mochawesome": {
      "options": {
        "quiet": false,
        "reportFilename": "mochawesome",
        "saveHtml": false,
        "saveJson": true,
        "consoleReporter": "spec",
        "useInlineDiffs": false,
        "code": true
      },
      "version": "7.1.3"
    },
    "marge": {
      "options": {
        "charts": true,
        "overwrite": false,
        "html": false,
        "json": true,
        "reportDir": "cypress/reports"
      },
      "version": "6.2.0"
    }
  }
}