{
  "stats": {
    "suites": 1,
    "tests": 3,
    "passes": 3,
    "pending": 0,
    "failures": 0,
    "start": "2022-06-29T13:15:55.415Z",
    "end": "2022-06-29T13:18:48.607Z",
    "duration": 173192,
    "testsRegistered": 3,
    "passPercent": 100,
    "pendingPercent": 0,
    "other": 0,
    "hasOther": false,
    "skipped": 0,
    "hasSkipped": false
  },
  "results": [
    {
      "uuid": "53fa4f6d-78bf-4a97-a0bc-f7114c546539",
      "title": "",
      "fullFile": "cypress/e2e/requestForConsultation.cy.js",
      "file": "cypress/e2e/requestForConsultation.cy.js",
      "beforeHooks": [],
      "afterHooks": [],
      "tests": [],
      "suites": [
        {
          "uuid": "bd1d6f3b-1d62-4407-8261-c176ebbc167e",
          "title": "request for consultation",
          "fullFile": "",
          "file": "",
          "beforeHooks": [],
          "afterHooks": [],
          "tests": [
            {
              "title": "check when user want to request a consultion to expert.",
              "fullTitle": "request for consultation check when user want to request a consultion to expert.",
              "timedOut": null,
              "duration": 58530,
              "state": "passed",
              "speed": "slow",
              "pass": true,
              "fail": false,
              "pending": false,
              "context": null,
              "code": "cy.wait(2000);\ncy.get(\".expert\").click();\ncy.get('[placeholder=\"Find Experts\"]').type('sonu yadav');\ncy.wait(8000);\ncy.get(\".MuiGrid-justify-content-xs-center\").contains(\"h6\", \"Sonu\").click();\ncy.wait(5000);\ncy.contains(\"span\", \"Request a consultation\").click();\ncy.get(\":nth-child(1) > #panel1a-header > .MuiButtonBase-root > .MuiIconButton-label > .MuiSvgIcon-root\").click();\ncy.get('[value=\"Idea discussion\"]').check();\ncy.wait(5000);\ncy.contains(\"span\", \"Next \").click();\ncy.get('[name=\"title\"]').type(\"testing testing\");\ncy.get('[placeholder=\"Enter project Description\"]').type(\"The resources of a microservice based applications can be manipulated in several ways. It is possible to create, update, delete them, and do other operations as well.\");\ncy.contains(\"span\", \"Next \").click();\ncy.contains(\"span\", \"Within a week\").click();\ncy.contains(\"span\", \"Next \").click();",
              "err": {},
              "uuid": "77f3d9ad-5adb-4edd-a2fc-bdd9656983e9",
              "parentUUID": "bd1d6f3b-1d62-4407-8261-c176ebbc167e",
              "isHook": false,
              "skipped": false
            },
            {
              "title": "check when user enter title less than required characters",
              "fullTitle": "request for consultation check when user enter title less than required characters",
              "timedOut": null,
              "duration": 54350,
              "state": "passed",
              "speed": "slow",
              "pass": true,
              "fail": false,
              "pending": false,
              "context": null,
              "code": "cy.wait(2000);\ncy.get(\".expert\").click();\ncy.get('[placeholder=\"Find Experts\"]').type('sonu yadav');\ncy.wait(8000);\ncy.get(\".MuiGrid-justify-content-xs-center\").contains(\"h6\", \"Sonu\").click();\ncy.wait(5000);\ncy.contains(\"span\", \"Request a consultation\").click();\ncy.get(\":nth-child(1) > #panel1a-header > .MuiButtonBase-root > .MuiIconButton-label > .MuiSvgIcon-root\").click();\ncy.get('[value=\"Idea discussion\"]').check();\ncy.wait(5000);\ncy.contains(\"span\", \"Next \").click();\ncy.get('[name=\"title\"]').type(\"test\");\ncy.get('[placeholder=\"Enter project Description\"]').type(\"The resources of a microservice based applications can be manipulated in several ways. It is possible to create, update, delete them, and do other operations as well.\");\ncy.contains(\"span\", \"Next \").click();\ncy.wait(5000); // cy.contains(\"span\", \"Within a week\").click()\n// cy.contains(\"span\", \"Next \").click()",
              "err": {},
              "uuid": "21d1a90e-4b58-4520-98b0-2e1573f804c8",
              "parentUUID": "bd1d6f3b-1d62-4407-8261-c176ebbc167e",
              "isHook": false,
              "skipped": false
            },
            {
              "title": "check when user do not select hiring timeline",
              "fullTitle": "request for consultation check when user do not select hiring timeline",
              "timedOut": null,
              "duration": 56870,
              "state": "passed",
              "speed": "slow",
              "pass": true,
              "fail": false,
              "pending": false,
              "context": null,
              "code": "cy.wait(2000);\ncy.get(\".expert\").click();\ncy.get('[placeholder=\"Find Experts\"]').type('sonu yadav');\ncy.wait(8000);\ncy.get(\".MuiGrid-justify-content-xs-center\").contains(\"h6\", \"Sonu\").click();\ncy.wait(5000);\ncy.contains(\"span\", \"Request a consultation\").click();\ncy.get(\":nth-child(1) > #panel1a-header > .MuiButtonBase-root > .MuiIconButton-label > .MuiSvgIcon-root\").click();\ncy.get('[value=\"Idea discussion\"]').check();\ncy.wait(5000);\ncy.contains(\"span\", \"Next \").click();\ncy.get('[name=\"title\"]').type(\"testing testing\");\ncy.get('[placeholder=\"Enter project Description\"]').type(\"The resources of a microservice based applications can be manipulated in several ways. It is possible to create, update, delete them, and do other operations as well.\");\ncy.contains(\"span\", \"Next \").click();\ncy.wait(5000);\ncy.contains(\"span\", \"Next \").click();",
              "err": {},
              "uuid": "843685af-a2c0-467b-9634-8d55dd1cb6d8",
              "parentUUID": "bd1d6f3b-1d62-4407-8261-c176ebbc167e",
              "isHook": false,
              "skipped": false
            }
          ],
          "suites": [],
          "passes": [
            "77f3d9ad-5adb-4edd-a2fc-bdd9656983e9",
            "21d1a90e-4b58-4520-98b0-2e1573f804c8",
            "843685af-a2c0-467b-9634-8d55dd1cb6d8"
          ],
          "failures": [],
          "pending": [],
          "skipped": [],
          "duration": 169750,
          "root": false,
          "rootEmpty": false,
          "_timeout": 2000
        }
      ],
      "passes": [],
      "failures": [],
      "pending": [],
      "skipped": [],
      "duration": 0,
      "root": true,
      "rootEmpty": true,
      "_timeout": 2000
    }
  ],
  "meta": {
    "mocha": {
      "version": "7.0.1"
    },
    "mochawesome": {
      "options": {
        "quiet": false,
        "reportFilename": "mochawesome",
        "saveHtml": false,
        "saveJson": true,
        "consoleReporter": "spec",
        "useInlineDiffs": false,
        "code": true
      },
      "version": "7.1.3"
    },
    "marge": {
      "options": {
        "charts": true,
        "overwrite": false,
        "html": false,
        "json": true,
        "reportDir": "cypress/reports"
      },
      "version": "6.2.0"
    }
  }
}