{
  "stats": {
    "suites": 1,
    "tests": 4,
    "passes": 4,
    "pending": 0,
    "failures": 0,
    "start": "2022-07-04T10:03:46.365Z",
    "end": "2022-07-04T10:04:32.522Z",
    "duration": 46157,
    "testsRegistered": 4,
    "passPercent": 100,
    "pendingPercent": 0,
    "other": 0,
    "hasOther": false,
    "skipped": 0,
    "hasSkipped": false
  },
  "results": [
    {
      "uuid": "9b1159b1-b978-4600-9029-71cbb6227ad8",
      "title": "",
      "fullFile": "cypress/e2e/signin.cy.js",
      "file": "cypress/e2e/signin.cy.js",
      "beforeHooks": [],
      "afterHooks": [],
      "tests": [],
      "suites": [
        {
          "uuid": "3bf91225-e58c-478c-bbae-35c982046202",
          "title": "sign in",
          "fullFile": "",
          "file": "",
          "beforeHooks": [],
          "afterHooks": [],
          "tests": [
            {
              "title": "when user enter signin button without enter any details",
              "fullTitle": "sign in when user enter signin button without enter any details",
              "timedOut": null,
              "duration": 10654,
              "state": "passed",
              "speed": "slow",
              "pass": true,
              "fail": false,
              "pending": false,
              "context": null,
              "code": "cy.visit('https://demo.insightmonk.com/discover');\ncy.clearCookies({\n  log: true\n});\ncy.clearLocalStorage({\n  log: true\n});\ncy.contains(\"span\", \"Login\").click();\ncy.contains(\"span\", \"Sign In\").click();\ncy.wait(5000);",
              "err": {},
              "uuid": "f8fad200-60d3-4f06-87af-e9574c28b3ae",
              "parentUUID": "3bf91225-e58c-478c-bbae-35c982046202",
              "isHook": false,
              "skipped": false
            },
            {
              "title": "when user login with correct credentials",
              "fullTitle": "sign in when user login with correct credentials",
              "timedOut": null,
              "duration": 10930,
              "state": "passed",
              "speed": "slow",
              "pass": true,
              "fail": false,
              "pending": false,
              "context": null,
              "code": "cy.visit('https://demo.insightmonk.com/discover');\ncy.clearCookies({\n  log: true\n});\ncy.clearLocalStorage({\n  log: true\n});\ncy.contains(\"span\", \"Login\").click();\ncy.get('input[name=\"email\"]').type(\"bhalla.simran297@gmail.com\");\ncy.get('input[name=\"password\"]').type(\"bis@1998\");\ncy.contains(\"span\", \"Sign In\").click();\ncy.wait(5000);",
              "err": {},
              "uuid": "e2b836c1-057c-4173-bb47-a0b54441831f",
              "parentUUID": "3bf91225-e58c-478c-bbae-35c982046202",
              "isHook": false,
              "skipped": false
            },
            {
              "title": "when user login with invalid email",
              "fullTitle": "sign in when user login with invalid email",
              "timedOut": null,
              "duration": 10486,
              "state": "passed",
              "speed": "slow",
              "pass": true,
              "fail": false,
              "pending": false,
              "context": null,
              "code": "cy.visit('https://demo.insightmonk.com/discover');\ncy.clearCookies({\n  log: true\n});\ncy.clearLocalStorage({\n  log: true\n});\ncy.contains(\"span\", \"Login\").click();\ncy.get('input[name=\"email\"]').type(\"bhalla.simran29@gmail.com\");\ncy.get('input[name=\"password\"]').type(\"bis@1998\");\ncy.contains(\"span\", \"Sign In\").click();\ncy.wait(5000);",
              "err": {},
              "uuid": "7458c0f9-6a4c-4a1e-9711-4835a9816af7",
              "parentUUID": "3bf91225-e58c-478c-bbae-35c982046202",
              "isHook": false,
              "skipped": false
            },
            {
              "title": "when user login with invalid password ",
              "fullTitle": "sign in when user login with invalid password ",
              "timedOut": null,
              "duration": 10926,
              "state": "passed",
              "speed": "slow",
              "pass": true,
              "fail": false,
              "pending": false,
              "context": null,
              "code": "cy.visit('https://demo.insightmonk.com/discover');\ncy.clearCookies({\n  log: true\n});\ncy.clearLocalStorage({\n  log: true\n});\ncy.contains(\"span\", \"Login\").click();\ncy.get('input[name=\"email\"]').type(\"bhalla.simran297@gmail.com\");\ncy.get('input[name=\"password\"]').type(\"bis@1994\");\ncy.contains(\"span\", \"Sign In\").click();\ncy.wait(5000);",
              "err": {},
              "uuid": "83d21b91-b5ab-4a6f-aff9-c1baffb11f21",
              "parentUUID": "3bf91225-e58c-478c-bbae-35c982046202",
              "isHook": false,
              "skipped": false
            }
          ],
          "suites": [],
          "passes": [
            "f8fad200-60d3-4f06-87af-e9574c28b3ae",
            "e2b836c1-057c-4173-bb47-a0b54441831f",
            "7458c0f9-6a4c-4a1e-9711-4835a9816af7",
            "83d21b91-b5ab-4a6f-aff9-c1baffb11f21"
          ],
          "failures": [],
          "pending": [],
          "skipped": [],
          "duration": 42996,
          "root": false,
          "rootEmpty": false,
          "_timeout": 2000
        }
      ],
      "passes": [],
      "failures": [],
      "pending": [],
      "skipped": [],
      "duration": 0,
      "root": true,
      "rootEmpty": true,
      "_timeout": 2000
    }
  ],
  "meta": {
    "mocha": {
      "version": "7.0.1"
    },
    "mochawesome": {
      "options": {
        "quiet": false,
        "reportFilename": "mochawesome",
        "saveHtml": false,
        "saveJson": true,
        "consoleReporter": "spec",
        "useInlineDiffs": false,
        "code": true
      },
      "version": "7.1.3"
    },
    "marge": {
      "options": {
        "charts": true,
        "overwrite": false,
        "html": false,
        "json": true,
        "reportDir": "cypress/reports"
      },
      "version": "6.2.0"
    }
  }
}