{
  "stats": {
    "suites": 1,
    "tests": 1,
    "passes": 0,
    "pending": 0,
    "failures": 1,
    "start": "2022-07-04T09:49:49.021Z",
    "end": "2022-07-04T09:50:18.401Z",
    "duration": 29380,
    "testsRegistered": 1,
    "passPercent": 0,
    "pendingPercent": 0,
    "other": 0,
    "hasOther": false,
    "skipped": 0,
    "hasSkipped": false
  },
  "results": [
    {
      "uuid": "df9bd102-a314-4a93-890d-95323cb4a7a7",
      "title": "",
      "fullFile": "cypress/e2e/myproject.cy.js",
      "file": "cypress/e2e/myproject.cy.js",
      "beforeHooks": [],
      "afterHooks": [],
      "tests": [],
      "suites": [
        {
          "uuid": "65dda681-2972-40c3-bbff-a0cdacac83ed",
          "title": "my_project",
          "fullFile": "",
          "file": "",
          "beforeHooks": [],
          "afterHooks": [],
          "tests": [
            {
              "title": "when user want to check project details",
              "fullTitle": "my_project when user want to check project details",
              "timedOut": null,
              "duration": 25598,
              "state": "failed",
              "speed": null,
              "pass": false,
              "fail": true,
              "pending": false,
              "context": "{\n  \"title\": \"cypress-mochawesome-reporter-screenshots\",\n  \"value\": [\n    [\n      {\n        \"title\": \"Failed screenshot\",\n        \"value\": \"/myproject.cy.js/my_project -- when user want to check project details (failed).png\"\n      }\n    ]\n  ]\n}",
              "code": "cy.get(\".my-projects\").click();\ncy.get(\":nth-child(1) > :nth-child(1) > .MuiCard-root > .MuiCardContent-root > .MuiPaper-root > #panel1a-header > .MuiButtonBase-root > .MuiIconButton-label > .MuiSvgIcon-root\").click();\ncy.wait(8000);\ncy.get(\"#panel1a-header > .MuiButtonBase-root > .MuiIconButton-label > .MuiSvgIcon-root\").click();",
              "err": {
                "message": "CypressError: `cy.click()` can only be called on a single element. Your subject contained 2 elements. Pass `{ multiple: true }` if you want to serially click each element.\n\nhttps://on.cypress.io/click",
                "estack": "CypressError: `cy.click()` can only be called on a single element. Your subject contained 2 elements. Pass `{ multiple: true }` if you want to serially click each element.\n\nhttps://on.cypress.io/click\n    at mouseAction (https://demo.insightmonk.com/__cypress/runner/cypress_runner.js:149685:76)\n    at Context.click (https://demo.insightmonk.com/__cypress/runner/cypress_runner.js:149864:14)\n    at Context.<anonymous> (https://demo.insightmonk.com/__cypress/runner/cypress_runner.js:171662:19)\nFrom Your Spec Code:\n    at Context.eval (https://demo.insightmonk.com/__cypress/tests?p=cypress/e2e/myproject.cy.js:120:95)",
                "diff": null
              },
              "uuid": "7ebd333d-04ed-4109-a0b2-4071338cf711",
              "parentUUID": "65dda681-2972-40c3-bbff-a0cdacac83ed",
              "isHook": false,
              "skipped": false
            }
          ],
          "suites": [],
          "passes": [],
          "failures": [
            "7ebd333d-04ed-4109-a0b2-4071338cf711"
          ],
          "pending": [],
          "skipped": [],
          "duration": 25598,
          "root": false,
          "rootEmpty": false,
          "_timeout": 2000
        }
      ],
      "passes": [],
      "failures": [],
      "pending": [],
      "skipped": [],
      "duration": 0,
      "root": true,
      "rootEmpty": true,
      "_timeout": 2000
    }
  ],
  "meta": {
    "mocha": {
      "version": "7.0.1"
    },
    "mochawesome": {
      "options": {
        "quiet": false,
        "reportFilename": "mochawesome",
        "saveHtml": false,
        "saveJson": true,
        "consoleReporter": "spec",
        "useInlineDiffs": false,
        "code": true
      },
      "version": "7.1.3"
    },
    "marge": {
      "options": {
        "charts": true,
        "overwrite": false,
        "html": false,
        "json": true,
        "reportDir": "cypress/reports"
      },
      "version": "6.2.0"
    }
  }
}