{
  "stats": {
    "suites": 1,
    "tests": 6,
    "passes": 6,
    "pending": 0,
    "failures": 0,
    "start": "2022-07-04T09:35:01.444Z",
    "end": "2022-07-04T09:42:24.028Z",
    "duration": 442584,
    "testsRegistered": 6,
    "passPercent": 100,
    "pendingPercent": 0,
    "other": 0,
    "hasOther": false,
    "skipped": 0,
    "hasSkipped": false
  },
  "results": [
    {
      "uuid": "47f72ea5-4d9c-4932-9f58-cc72bf6b1500",
      "title": "",
      "fullFile": "cypress/e2e/global_search.cy.js",
      "file": "cypress/e2e/global_search.cy.js",
      "beforeHooks": [],
      "afterHooks": [],
      "tests": [],
      "suites": [
        {
          "uuid": "de6f99d6-6156-4a92-b463-2774fc1147a1",
          "title": "global search",
          "fullFile": "",
          "file": "",
          "beforeHooks": [],
          "afterHooks": [],
          "tests": [
            {
              "title": "check when user enter nothing and press enter button.",
              "fullTitle": "global search check when user enter nothing and press enter button.",
              "timedOut": null,
              "duration": 23448,
              "state": "passed",
              "speed": "slow",
              "pass": true,
              "fail": false,
              "pending": false,
              "context": null,
              "code": "cy.wait(3000);\ncy.get('input[placeholder=\"Explore Deeptech! Sectors, Topics,  Reports, Experts\"]').type('{enter}');\ncy.wait(8000);",
              "err": {},
              "uuid": "d7aaee53-e78d-4f01-a506-7117a8305798",
              "parentUUID": "de6f99d6-6156-4a92-b463-2774fc1147a1",
              "isHook": false,
              "skipped": false
            },
            {
              "title": "check Typing  characters in the search box, it should show suggestions starting with the entered character.",
              "fullTitle": "global search check Typing  characters in the search box, it should show suggestions starting with the entered character.",
              "timedOut": null,
              "duration": 22781,
              "state": "passed",
              "speed": "slow",
              "pass": true,
              "fail": false,
              "pending": false,
              "context": null,
              "code": "cy.wait(3000);\ncy.get('input[placeholder=\"Explore Deeptech! Sectors, Topics,  Reports, Experts\"]').type('pre');\ncy.wait(8000);",
              "err": {},
              "uuid": "079d9c9e-42a2-4ebf-90e3-02a2a1f1d9ce",
              "parentUUID": "de6f99d6-6156-4a92-b463-2774fc1147a1",
              "isHook": false,
              "skipped": false
            },
            {
              "title": "when user want to search keyword and check result ",
              "fullTitle": "global search when user want to search keyword and check result ",
              "timedOut": null,
              "duration": 95982,
              "state": "passed",
              "speed": "slow",
              "pass": true,
              "fail": false,
              "pending": false,
              "context": null,
              "code": "cy.get('input[placeholder=\"Explore Deeptech! Sectors, Topics,  Reports, Experts\"]').type('precision medicine{enter}');\ncy.wait(20000);\ncy.get(\".MuiTabs-flexContainer > :nth-child(2)\").click();\ncy.wait(20000);\ncy.get(\".MuiTabs-flexContainer > :nth-child(3)\").click();\ncy.wait(20000);\ncy.get(\".MuiTabs-flexContainer > :nth-child(4)\").click();\ncy.wait(10000);",
              "err": {},
              "uuid": "775f9076-027a-436a-b867-d0d62cbcbc81",
              "parentUUID": "de6f99d6-6156-4a92-b463-2774fc1147a1",
              "isHook": false,
              "skipped": false
            },
            {
              "title": "check when user search keyword with any special character and press enter.",
              "fullTitle": "global search check when user search keyword with any special character and press enter.",
              "timedOut": null,
              "duration": 96957,
              "state": "passed",
              "speed": "slow",
              "pass": true,
              "fail": false,
              "pending": false,
              "context": null,
              "code": "cy.wait(3000);\ncy.get('input[placeholder=\"Explore Deeptech! Sectors, Topics,  Reports, Experts\"]').clear();\ncy.get('input[placeholder=\"Explore Deeptech! Sectors, Topics,  Reports, Experts\"]').type('\"deep tech themes\"{enter}');\ncy.wait(20000);\ncy.get(\".MuiTabs-flexContainer > :nth-child(2)\").click();\ncy.wait(20000);\ncy.get(\".MuiTabs-flexContainer > :nth-child(3)\").click();\ncy.wait(20000);\ncy.get(\".MuiTabs-flexContainer > :nth-child(4)\").click();\ncy.wait(10000);",
              "err": {},
              "uuid": "f60945c8-ead7-41a0-b933-47d42cc3b58c",
              "parentUUID": "de6f99d6-6156-4a92-b463-2774fc1147a1",
              "isHook": false,
              "skipped": false
            },
            {
              "title": "check when user add space before,after and between the search keyword and press enter.",
              "fullTitle": "global search check when user add space before,after and between the search keyword and press enter.",
              "timedOut": null,
              "duration": 98652,
              "state": "passed",
              "speed": "slow",
              "pass": true,
              "fail": false,
              "pending": false,
              "context": null,
              "code": "cy.wait(3000);\ncy.get('input[placeholder=\"Explore Deeptech! Sectors, Topics,  Reports, Experts\"]').clear();\ncy.get('input[placeholder=\"Explore Deeptech! Sectors, Topics,  Reports, Experts\"]').type(' \" deep tech themes \"{enter}');\ncy.wait(20000);\ncy.get(\".MuiTabs-flexContainer > :nth-child(2)\").click();\ncy.wait(20000);\ncy.get(\".MuiTabs-flexContainer > :nth-child(3)\").click();\ncy.wait(20000);\ncy.get(\".MuiTabs-flexContainer > :nth-child(4)\").click();\ncy.wait(10000);",
              "err": {},
              "uuid": "0a946d9a-4ee1-4790-89bd-dcd99f16e743",
              "parentUUID": "de6f99d6-6156-4a92-b463-2774fc1147a1",
              "isHook": false,
              "skipped": false
            },
            {
              "title": "check when user search keyword with numeric value and press enter.",
              "fullTitle": "global search check when user search keyword with numeric value and press enter.",
              "timedOut": null,
              "duration": 102060,
              "state": "passed",
              "speed": "slow",
              "pass": true,
              "fail": false,
              "pending": false,
              "context": null,
              "code": "cy.wait(3000);\ncy.get('input[placeholder=\"Explore Deeptech! Sectors, Topics,  Reports, Experts\"]').clear();\ncy.get('input[placeholder=\"Explore Deeptech! Sectors, Topics,  Reports, Experts\"]').type('   waste  water 123 {enter}');\ncy.wait(20000);\ncy.get(\".MuiTabs-flexContainer > :nth-child(2)\").click();\ncy.wait(20000);\ncy.get(\".MuiTabs-flexContainer > :nth-child(3)\").click();\ncy.wait(20000);\ncy.get(\".MuiTabs-flexContainer > :nth-child(4)\").click();\ncy.wait(10000); // cy.contains('span', 'Public Sources&A').click()",
              "err": {},
              "uuid": "83f8c6bc-588d-4c03-a19c-f541820d572d",
              "parentUUID": "de6f99d6-6156-4a92-b463-2774fc1147a1",
              "isHook": false,
              "skipped": false
            }
          ],
          "suites": [],
          "passes": [
            "d7aaee53-e78d-4f01-a506-7117a8305798",
            "079d9c9e-42a2-4ebf-90e3-02a2a1f1d9ce",
            "775f9076-027a-436a-b867-d0d62cbcbc81",
            "f60945c8-ead7-41a0-b933-47d42cc3b58c",
            "0a946d9a-4ee1-4790-89bd-dcd99f16e743",
            "83f8c6bc-588d-4c03-a19c-f541820d572d"
          ],
          "failures": [],
          "pending": [],
          "skipped": [],
          "duration": 439880,
          "root": false,
          "rootEmpty": false,
          "_timeout": 2000
        }
      ],
      "passes": [],
      "failures": [],
      "pending": [],
      "skipped": [],
      "duration": 0,
      "root": true,
      "rootEmpty": true,
      "_timeout": 2000
    }
  ],
  "meta": {
    "mocha": {
      "version": "7.0.1"
    },
    "mochawesome": {
      "options": {
        "quiet": false,
        "reportFilename": "mochawesome",
        "saveHtml": false,
        "saveJson": true,
        "consoleReporter": "spec",
        "useInlineDiffs": false,
        "code": true
      },
      "version": "7.1.3"
    },
    "marge": {
      "options": {
        "charts": true,
        "overwrite": false,
        "html": false,
        "json": true,
        "reportDir": "cypress/reports"
      },
      "version": "6.2.0"
    }
  }
}