{
  "stats": {
    "suites": 1,
    "tests": 2,
    "passes": 2,
    "pending": 0,
    "failures": 0,
    "start": "2022-07-04T09:43:50.140Z",
    "end": "2022-07-04T09:44:41.655Z",
    "duration": 51515,
    "testsRegistered": 2,
    "passPercent": 100,
    "pendingPercent": 0,
    "other": 0,
    "hasOther": false,
    "skipped": 0,
    "hasSkipped": false
  },
  "results": [
    {
      "uuid": "e7f6704d-7236-4c2c-a273-8685b7329f8b",
      "title": "",
      "fullFile": "cypress/e2e/guide_tool.cy.js",
      "file": "cypress/e2e/guide_tool.cy.js",
      "beforeHooks": [],
      "afterHooks": [],
      "tests": [],
      "suites": [
        {
          "uuid": "654a979b-c9dd-45f6-84b7-403812ea75ab",
          "title": "guide_tool",
          "fullFile": "",
          "file": "",
          "beforeHooks": [],
          "afterHooks": [],
          "tests": [
            {
              "title": "check when user follow guide tool.",
              "fullTitle": "guide_tool check when user follow guide tool.",
              "timedOut": null,
              "duration": 33383,
              "state": "passed",
              "speed": "slow",
              "pass": true,
              "fail": false,
              "pending": false,
              "context": null,
              "code": "cy.wait(3000);\ncy.get(`[aria-label=\"Next\"]`).click();\ncy.wait(2000);\ncy.get(`[aria-label=\"Next\"]`).click();\ncy.wait(2000);\ncy.get(`[aria-label=\"Next\"]`).click();\ncy.contains('button', 'Back').click();\ncy.wait(4000);\ncy.get(`[aria-label=\"Next\"]`).click();\ncy.wait(2000);\ncy.get(`[aria-label=\"Next\"]`).click();\ncy.wait(2000);\ncy.get(`[aria-label=\"Next\"]`).click();\ncy.wait(2000);",
              "err": {},
              "uuid": "cffb8c56-8f84-4557-bf07-3f74a8e6a75b",
              "parentUUID": "654a979b-c9dd-45f6-84b7-403812ea75ab",
              "isHook": false,
              "skipped": false
            },
            {
              "title": "check when user follow guide tool.",
              "fullTitle": "guide_tool check when user follow guide tool.",
              "timedOut": null,
              "duration": 15427,
              "state": "passed",
              "speed": "slow",
              "pass": true,
              "fail": false,
              "pending": false,
              "context": null,
              "code": "cy.wait(3000);\ncy.contains(\"button\", \"Skip\").click();",
              "err": {},
              "uuid": "a39fe515-3488-484b-be9c-d6c95f211aeb",
              "parentUUID": "654a979b-c9dd-45f6-84b7-403812ea75ab",
              "isHook": false,
              "skipped": false
            }
          ],
          "suites": [],
          "passes": [
            "cffb8c56-8f84-4557-bf07-3f74a8e6a75b",
            "a39fe515-3488-484b-be9c-d6c95f211aeb"
          ],
          "failures": [],
          "pending": [],
          "skipped": [],
          "duration": 48810,
          "root": false,
          "rootEmpty": false,
          "_timeout": 2000
        }
      ],
      "passes": [],
      "failures": [],
      "pending": [],
      "skipped": [],
      "duration": 0,
      "root": true,
      "rootEmpty": true,
      "_timeout": 2000
    }
  ],
  "meta": {
    "mocha": {
      "version": "7.0.1"
    },
    "mochawesome": {
      "options": {
        "quiet": false,
        "reportFilename": "mochawesome",
        "saveHtml": false,
        "saveJson": true,
        "consoleReporter": "spec",
        "useInlineDiffs": false,
        "code": true
      },
      "version": "7.1.3"
    },
    "marge": {
      "options": {
        "charts": true,
        "overwrite": false,
        "html": false,
        "json": true,
        "reportDir": "cypress/reports"
      },
      "version": "6.2.0"
    }
  }
}