{
  "stats": {
    "suites": 1,
    "tests": 2,
    "passes": 2,
    "pending": 0,
    "failures": 0,
    "start": "2022-06-29T13:02:43.363Z",
    "end": "2022-06-29T13:03:34.485Z",
    "duration": 51122,
    "testsRegistered": 2,
    "passPercent": 100,
    "pendingPercent": 0,
    "other": 0,
    "hasOther": false,
    "skipped": 0,
    "hasSkipped": false
  },
  "results": [
    {
      "uuid": "0cbc8054-2eed-44ae-8d97-925434b2d9e5",
      "title": "",
      "fullFile": "cypress/e2e/guide_tool.cy.js",
      "file": "cypress/e2e/guide_tool.cy.js",
      "beforeHooks": [],
      "afterHooks": [],
      "tests": [],
      "suites": [
        {
          "uuid": "583a3865-fe6e-4f72-9cf2-c7a8b17e186b",
          "title": "guide_tool",
          "fullFile": "",
          "file": "",
          "beforeHooks": [],
          "afterHooks": [],
          "tests": [
            {
              "title": "check when user follow guide tool.",
              "fullTitle": "guide_tool check when user follow guide tool.",
              "timedOut": null,
              "duration": 33269,
              "state": "passed",
              "speed": "slow",
              "pass": true,
              "fail": false,
              "pending": false,
              "context": null,
              "code": "cy.wait(3000);\ncy.get(`[aria-label=\"Next\"]`).click();\ncy.wait(2000);\ncy.get(`[aria-label=\"Next\"]`).click();\ncy.wait(2000);\ncy.get(`[aria-label=\"Next\"]`).click();\ncy.contains('button', 'Back').click();\ncy.wait(4000);\ncy.get(`[aria-label=\"Next\"]`).click();\ncy.wait(2000);\ncy.get(`[aria-label=\"Next\"]`).click();\ncy.wait(2000);\ncy.get(`[aria-label=\"Next\"]`).click();\ncy.wait(2000);",
              "err": {},
              "uuid": "86da32c2-6532-43f8-b572-470e916321e6",
              "parentUUID": "583a3865-fe6e-4f72-9cf2-c7a8b17e186b",
              "isHook": false,
              "skipped": false
            },
            {
              "title": "check when user follow guide tool.",
              "fullTitle": "guide_tool check when user follow guide tool.",
              "timedOut": null,
              "duration": 14716,
              "state": "passed",
              "speed": "slow",
              "pass": true,
              "fail": false,
              "pending": false,
              "context": null,
              "code": "cy.wait(3000);\ncy.contains(\"button\", \"Skip\").click();",
              "err": {},
              "uuid": "411b505f-a84f-4eda-9ff8-9d10aae3a3ea",
              "parentUUID": "583a3865-fe6e-4f72-9cf2-c7a8b17e186b",
              "isHook": false,
              "skipped": false
            }
          ],
          "suites": [],
          "passes": [
            "86da32c2-6532-43f8-b572-470e916321e6",
            "411b505f-a84f-4eda-9ff8-9d10aae3a3ea"
          ],
          "failures": [],
          "pending": [],
          "skipped": [],
          "duration": 47985,
          "root": false,
          "rootEmpty": false,
          "_timeout": 2000
        }
      ],
      "passes": [],
      "failures": [],
      "pending": [],
      "skipped": [],
      "duration": 0,
      "root": true,
      "rootEmpty": true,
      "_timeout": 2000
    }
  ],
  "meta": {
    "mocha": {
      "version": "7.0.1"
    },
    "mochawesome": {
      "options": {
        "quiet": false,
        "reportFilename": "mochawesome",
        "saveHtml": false,
        "saveJson": true,
        "consoleReporter": "spec",
        "useInlineDiffs": false,
        "code": true
      },
      "version": "7.1.3"
    },
    "marge": {
      "options": {
        "charts": true,
        "overwrite": false,
        "html": false,
        "json": true,
        "reportDir": "cypress/reports"
      },
      "version": "6.2.0"
    }
  }
}