{
  "stats": {
    "suites": 1,
    "tests": 2,
    "passes": 2,
    "pending": 0,
    "failures": 0,
    "start": "2022-07-04T09:44:56.436Z",
    "end": "2022-07-04T09:45:44.956Z",
    "duration": 48520,
    "testsRegistered": 2,
    "passPercent": 100,
    "pendingPercent": 0,
    "other": 0,
    "hasOther": false,
    "skipped": 0,
    "hasSkipped": false
  },
  "results": [
    {
      "uuid": "738f44b7-24e2-47d9-bd2c-3e84d99d0039",
      "title": "",
      "fullFile": "cypress/e2e/homepage_filter.cy.js",
      "file": "cypress/e2e/homepage_filter.cy.js",
      "beforeHooks": [],
      "afterHooks": [],
      "tests": [],
      "suites": [
        {
          "uuid": "93a4caaa-271c-4fe0-bb79-8a60d938831a",
          "title": "homepage_filter",
          "fullFile": "",
          "file": "",
          "beforeHooks": [],
          "afterHooks": [],
          "tests": [
            {
              "title": "check when user want to filter accepted answer.",
              "fullTitle": "homepage_filter check when user want to filter accepted answer.",
              "timedOut": null,
              "duration": 24238,
              "state": "passed",
              "speed": "slow",
              "pass": true,
              "fail": false,
              "pending": false,
              "context": null,
              "code": "cy.wait(5000);\ncy.get(\":nth-child(2) > #panel2bh-header > .MuiButtonBase-root > .MuiIconButton-label > .MuiSvgIcon-root\").click();\ncy.get('[type=\"checkbox\"]').check('ACCEPTED_ANSWERS'); //uncheck selected \ncy.wait(5000);\ncy.get('[type=\"checkbox\"]').uncheck('ACCEPTED_ANSWERS');\ncy.get(\".MuiPaper-root.Mui-expanded > #panel2bh-header > .MuiButtonBase-root > .MuiIconButton-label > .MuiSvgIcon-root\").click();",
              "err": {},
              "uuid": "589cc410-dbed-47c1-aa8d-eae086cc46e1",
              "parentUUID": "93a4caaa-271c-4fe0-bb79-8a60d938831a",
              "isHook": false,
              "skipped": false
            },
            {
              "title": "check when user want to select topic, sector and select most answered ",
              "fullTitle": "homepage_filter check when user want to select topic, sector and select most answered ",
              "timedOut": null,
              "duration": 21675,
              "state": "passed",
              "speed": "slow",
              "pass": true,
              "fail": false,
              "pending": false,
              "context": null,
              "code": "cy.get(\":nth-child(3) > #panel2bh-header > .MuiButtonBase-root > .MuiIconButton-label > .MuiSvgIcon-root\").click();\ncy.wait(2000);\ncy.get('[type=\"checkbox\"]').check('Precision Medicine');\ncy.wait(2000);\ncy.get('[type=\"checkbox\"]').check('Space Tech'); //selected sector\ncy.get(\":nth-child(4) > #panel2bh-header > .MuiButtonBase-root > .MuiIconButton-label > .MuiSvgIcon-root\").click();\ncy.wait(2000);\ncy.get('[type=\"checkbox\"]').check('Automotive');\ncy.get(\":nth-child(5) > #panel2bh-header > .MuiButtonBase-root > .MuiIconButton-label > .MuiSvgIcon-root\").click();\ncy.wait(2000);\ncy.get('[value=\"MOST_ANSWERED\"]').check();",
              "err": {},
              "uuid": "610a7151-aa6b-482c-b7ab-715b6e823f78",
              "parentUUID": "93a4caaa-271c-4fe0-bb79-8a60d938831a",
              "isHook": false,
              "skipped": false
            }
          ],
          "suites": [],
          "passes": [
            "589cc410-dbed-47c1-aa8d-eae086cc46e1",
            "610a7151-aa6b-482c-b7ab-715b6e823f78"
          ],
          "failures": [],
          "pending": [],
          "skipped": [],
          "duration": 45913,
          "root": false,
          "rootEmpty": false,
          "_timeout": 2000
        }
      ],
      "passes": [],
      "failures": [],
      "pending": [],
      "skipped": [],
      "duration": 0,
      "root": true,
      "rootEmpty": true,
      "_timeout": 2000
    }
  ],
  "meta": {
    "mocha": {
      "version": "7.0.1"
    },
    "mochawesome": {
      "options": {
        "quiet": false,
        "reportFilename": "mochawesome",
        "saveHtml": false,
        "saveJson": true,
        "consoleReporter": "spec",
        "useInlineDiffs": false,
        "code": true
      },
      "version": "7.1.3"
    },
    "marge": {
      "options": {
        "charts": true,
        "overwrite": false,
        "html": false,
        "json": true,
        "reportDir": "cypress/reports"
      },
      "version": "6.2.0"
    }
  }
}