{
  "stats": {
    "suites": 1,
    "tests": 2,
    "passes": 0,
    "pending": 0,
    "failures": 2,
    "start": "2022-07-04T09:57:12.995Z",
    "end": "2022-07-04T09:59:09.909Z",
    "duration": 116914,
    "testsRegistered": 2,
    "passPercent": 0,
    "pendingPercent": 0,
    "other": 0,
    "hasOther": false,
    "skipped": 0,
    "hasSkipped": false
  },
  "results": [
    {
      "uuid": "d4d021d2-32c5-44d6-937b-aece6226c4f1",
      "title": "",
      "fullFile": "cypress/e2e/public_sources.cy.js",
      "file": "cypress/e2e/public_sources.cy.js",
      "beforeHooks": [],
      "afterHooks": [],
      "tests": [],
      "suites": [
        {
          "uuid": "e38eca3d-686c-426b-8d03-5d2a7635a30c",
          "title": "public sources",
          "fullFile": "",
          "file": "",
          "beforeHooks": [],
          "afterHooks": [],
          "tests": [
            {
              "title": "check when user want to check ahare,download and add to liberary.",
              "fullTitle": "public sources check when user want to check ahare,download and add to liberary.",
              "timedOut": null,
              "duration": 28073,
              "state": "failed",
              "speed": null,
              "pass": false,
              "fail": true,
              "pending": false,
              "context": "{\n  \"title\": \"cypress-mochawesome-reporter-screenshots\",\n  \"value\": [\n    [\n      {\n        \"title\": \"Failed screenshot\",\n        \"value\": \"/public_sources.cy.js/public sources -- check when user want to check ahare,download and add to liberary (failed).png\"\n      }\n    ]\n  ]\n}",
              "code": "cy.get(\".report\").click();\ncy.wait(6000);\ncy.contains('span', 'Public Sources').click();\ncy.wait(5000);\ncy.get(\"#long-button\").click();\ncy.contains(\"li\", \"Add to Library\").click();\ncy.wait(8000);\ncy.get('body').click(0, 0);\ncy.get(\"#long-button\").click();\ncy.contains(\"li\", \"Share\").click();\ncy.wait(3000);\ncy.get('.MuiGrid-justify-content-xs-flex-end > .MuiButtonBase-root > .MuiIconButton-label > .MuiSvgIcon-root > path').click();\ncy.contains('span', 'View').first().click();",
              "err": {
                "message": "AssertionError: Timed out retrying after 4000ms: Expected to find element: `#long-button`, but never found it.",
                "estack": "AssertionError: Timed out retrying after 4000ms: Expected to find element: `#long-button`, but never found it.\n    at Context.eval (https://demo.insightmonk.com/__cypress/tests?p=cypress/e2e/public_sources.cy.js:120:8)",
                "diff": null
              },
              "uuid": "1790431e-dfd5-4958-94b5-2127812928fb",
              "parentUUID": "e38eca3d-686c-426b-8d03-5d2a7635a30c",
              "isHook": false,
              "skipped": false
            },
            {
              "title": "check when user want to check share,download and add to liberary.",
              "fullTitle": "public sources check when user want to check share,download and add to liberary.",
              "timedOut": null,
              "duration": 85776,
              "state": "failed",
              "speed": null,
              "pass": false,
              "fail": true,
              "pending": false,
              "context": "{\n  \"title\": \"cypress-mochawesome-reporter-screenshots\",\n  \"value\": [\n    [\n      {\n        \"title\": \"Failed screenshot\",\n        \"value\": \"/public_sources.cy.js/public sources -- check when user want to check share,download and add to liberary (failed).png\"\n      }\n    ]\n  ]\n}",
              "code": "cy.get(\".report\").click();\ncy.wait(6000);\ncy.contains('span', 'Public Sources').click();\ncy.wait(8000);\ncy.get(\".MuiSelect-root\").click();\ncy.contains(\"li\", \"Last 2 Weeks\").click();\ncy.wait(10000);\ncy.get(\":nth-child(4) > .MuiAccordionSummary-root > .MuiButtonBase-root > .MuiIconButton-label > .MuiSvgIcon-root\").click();\ncy.wait(8000);\ncy.get('[placeholder=\"Search\"]').eq(1).type(\"North America\");\ncy.get('input[name=\"726440\"]').click();\ncy.wait(6000);\ncy.get(\":nth-child(5) > .MuiAccordionSummary-root > .MuiButtonBase-root > .MuiIconButton-label > .MuiSvgIcon-root\").click();\ncy.wait(8000);\ncy.get('[placeholder=\"Search\"]').eq(2).type(\"services\");\ncy.get('input[name=\"726497\"]').click();\ncy.wait(6000);\ncy.get(\":nth-child(6) > .MuiAccordionSummary-root > .MuiButtonBase-root > .MuiIconButton-label > .MuiSvgIcon-root\").click();\ncy.wait(8000);\ncy.get('[placeholder=\"Search\"]').eq(3).type(\"Allianz\");\ncy.get('input[name=\"12d5bb6baa99dd6cdef029475aa2ff22\"]').click();\ncy.wait(6000);",
              "err": {
                "message": "AssertionError: Timed out retrying after 4000ms: Expected to find element: `input[name=\"12d5bb6baa99dd6cdef029475aa2ff22\"]`, but never found it.",
                "estack": "AssertionError: Timed out retrying after 4000ms: Expected to find element: `input[name=\"12d5bb6baa99dd6cdef029475aa2ff22\"]`, but never found it.\n    at Context.eval (https://demo.insightmonk.com/__cypress/tests?p=cypress/e2e/public_sources.cy.js:175:8)",
                "diff": null
              },
              "uuid": "61bd4d8e-0d51-455b-bae8-a5a22b5d2c71",
              "parentUUID": "e38eca3d-686c-426b-8d03-5d2a7635a30c",
              "isHook": false,
              "skipped": false
            }
          ],
          "suites": [],
          "passes": [],
          "failures": [
            "1790431e-dfd5-4958-94b5-2127812928fb",
            "61bd4d8e-0d51-455b-bae8-a5a22b5d2c71"
          ],
          "pending": [],
          "skipped": [],
          "duration": 113849,
          "root": false,
          "rootEmpty": false,
          "_timeout": 2000
        }
      ],
      "passes": [],
      "failures": [],
      "pending": [],
      "skipped": [],
      "duration": 0,
      "root": true,
      "rootEmpty": true,
      "_timeout": 2000
    }
  ],
  "meta": {
    "mocha": {
      "version": "7.0.1"
    },
    "mochawesome": {
      "options": {
        "quiet": false,
        "reportFilename": "mochawesome",
        "saveHtml": false,
        "saveJson": true,
        "consoleReporter": "spec",
        "useInlineDiffs": false,
        "code": true
      },
      "version": "7.1.3"
    },
    "marge": {
      "options": {
        "charts": true,
        "overwrite": false,
        "html": false,
        "json": true,
        "reportDir": "cypress/reports"
      },
      "version": "6.2.0"
    }
  }
}