{
  "stats": {
    "suites": 1,
    "tests": 7,
    "passes": 0,
    "pending": 0,
    "failures": 7,
    "start": "2022-07-04T09:50:55.583Z",
    "end": "2022-07-04T09:54:03.325Z",
    "duration": 187742,
    "testsRegistered": 7,
    "passPercent": 0,
    "pendingPercent": 0,
    "other": 0,
    "hasOther": false,
    "skipped": 0,
    "hasSkipped": false
  },
  "results": [
    {
      "uuid": "84d3c460-b8a9-4919-9155-16210c200985",
      "title": "",
      "fullFile": "cypress/e2e/post_answer.cy.js",
      "file": "cypress/e2e/post_answer.cy.js",
      "beforeHooks": [],
      "afterHooks": [],
      "tests": [],
      "suites": [
        {
          "uuid": "99d8c726-42ec-4dfa-867e-256bdd4f6dbc",
          "title": "post answer",
          "fullFile": "",
          "file": "",
          "beforeHooks": [],
          "afterHooks": [],
          "tests": [
            {
              "title": "check when user post a question without required details.",
              "fullTitle": "post answer check when user post a question without required details.",
              "timedOut": null,
              "duration": 29220,
              "state": "failed",
              "speed": null,
              "pass": false,
              "fail": true,
              "pending": false,
              "context": "{\n  \"title\": \"cypress-mochawesome-reporter-screenshots\",\n  \"value\": [\n    [\n      {\n        \"title\": \"Failed screenshot\",\n        \"value\": \"/post_answer.cy.js/post answer -- check when user post a question without required details (failed).png\"\n      }\n    ]\n  ]\n}",
              "code": "cy.wait(8000);\ncy.get(\".jss99 > .MuiLink-root > .MuiPaper-root > .MuiGrid-wrap-xs-nowrap > :nth-child(2) > :nth-child(1) > .MuiGrid-grid-xs-true\").click();\ncy.wait(4000);\ncy.contains('span', 'Post Answer').click();\ncy.wait(4000);",
              "err": {
                "message": "AssertionError: Timed out retrying after 4000ms: Expected to find element: `.jss99 > .MuiLink-root > .MuiPaper-root > .MuiGrid-wrap-xs-nowrap > :nth-child(2) > :nth-child(1) > .MuiGrid-grid-xs-true`, but never found it.",
                "estack": "AssertionError: Timed out retrying after 4000ms: Expected to find element: `.jss99 > .MuiLink-root > .MuiPaper-root > .MuiGrid-wrap-xs-nowrap > :nth-child(2) > :nth-child(1) > .MuiGrid-grid-xs-true`, but never found it.\n    at Context.eval (https://demo.insightmonk.com/__cypress/tests?p=cypress/e2e/post_answer.cy.js:117:8)",
                "diff": null
              },
              "uuid": "a295d93d-c44e-4c99-be08-f6e532b484ce",
              "parentUUID": "99d8c726-42ec-4dfa-867e-256bdd4f6dbc",
              "isHook": false,
              "skipped": false
            },
            {
              "title": "check when user post a question with required details.",
              "fullTitle": "post answer check when user post a question with required details.",
              "timedOut": null,
              "duration": 24980,
              "state": "failed",
              "speed": null,
              "pass": false,
              "fail": true,
              "pending": false,
              "context": "{\n  \"title\": \"cypress-mochawesome-reporter-screenshots\",\n  \"value\": [\n    [\n      {\n        \"title\": \"Failed screenshot\",\n        \"value\": \"/post_answer.cy.js/post answer -- check when user post a question with required details (failed).png\"\n      }\n    ]\n  ]\n}",
              "code": "cy.wait(8000);\ncy.get(\".jss99 > .MuiLink-root > .MuiPaper-root > .MuiGrid-wrap-xs-nowrap > :nth-child(2) > :nth-child(1) > .MuiGrid-grid-xs-true\").click();\ncy.wait(7000);\ncy.get(\".ql-editor\").type(\"testing\");\ncy.get(\".ql-editor\").type('{selectall}');\ncy.wait(8000);\ncy.get(\".ql-bold\").click();\ncy.get('body').click(0, 0);\ncy.wait(8000);\ncy.get(\".ql-editor\").type('{selectall}');\ncy.wait(3000);\ncy.get(\".ql-italic\").click();\ncy.get('body').click(0, 0);\ncy.wait(8000);\ncy.get(\".ql-editor\").type('{selectall}');\ncy.wait(3000);\ncy.get(\".ql-underline\").click();\ncy.wait(8000); // const filepath = 'download.jpg'\n// cy.get('.ql-image').find('i').first().attachFile(filepath)\n// cy.contains('span', 'Post Answer').click()",
              "err": {
                "message": "AssertionError: Timed out retrying after 4000ms: Expected to find element: `.jss99 > .MuiLink-root > .MuiPaper-root > .MuiGrid-wrap-xs-nowrap > :nth-child(2) > :nth-child(1) > .MuiGrid-grid-xs-true`, but never found it.",
                "estack": "AssertionError: Timed out retrying after 4000ms: Expected to find element: `.jss99 > .MuiLink-root > .MuiPaper-root > .MuiGrid-wrap-xs-nowrap > :nth-child(2) > :nth-child(1) > .MuiGrid-grid-xs-true`, but never found it.\n    at Context.eval (https://demo.insightmonk.com/__cypress/tests?p=cypress/e2e/post_answer.cy.js:124:8)",
                "diff": null
              },
              "uuid": "73d928b8-3024-4d88-a2a8-3f07f61f5a25",
              "parentUUID": "99d8c726-42ec-4dfa-867e-256bdd4f6dbc",
              "isHook": false,
              "skipped": false
            },
            {
              "title": "check when user wants to view question card and share.",
              "fullTitle": "post answer check when user wants to view question card and share.",
              "timedOut": null,
              "duration": 24676,
              "state": "failed",
              "speed": null,
              "pass": false,
              "fail": true,
              "pending": false,
              "context": "{\n  \"title\": \"cypress-mochawesome-reporter-screenshots\",\n  \"value\": [\n    [\n      {\n        \"title\": \"Failed screenshot\",\n        \"value\": \"/post_answer.cy.js/post answer -- check when user wants to view question card and share (failed).png\"\n      }\n    ]\n  ]\n}",
              "code": "cy.wait(8000);\ncy.get(\".jss99 > .MuiLink-root > .MuiPaper-root > .MuiGrid-wrap-xs-nowrap > :nth-child(2) > :nth-child(1) > .MuiGrid-grid-xs-true\").click();\ncy.wait(2000);\ncy.contains(\"span\", \"Share\").click();\ncy.wait(2000);\ncy.get(\".MuiGrid-justify-content-xs-flex-end > .MuiButtonBase-root > .MuiIconButton-label > .MuiSvgIcon-root\").click();",
              "err": {
                "message": "AssertionError: Timed out retrying after 4000ms: Expected to find element: `.jss99 > .MuiLink-root > .MuiPaper-root > .MuiGrid-wrap-xs-nowrap > :nth-child(2) > :nth-child(1) > .MuiGrid-grid-xs-true`, but never found it.",
                "estack": "AssertionError: Timed out retrying after 4000ms: Expected to find element: `.jss99 > .MuiLink-root > .MuiPaper-root > .MuiGrid-wrap-xs-nowrap > :nth-child(2) > :nth-child(1) > .MuiGrid-grid-xs-true`, but never found it.\n    at Context.eval (https://demo.insightmonk.com/__cypress/tests?p=cypress/e2e/post_answer.cy.js:146:8)",
                "diff": null
              },
              "uuid": "d81fd088-6583-4619-93fd-535795a6ae96",
              "parentUUID": "99d8c726-42ec-4dfa-867e-256bdd4f6dbc",
              "isHook": false,
              "skipped": false
            },
            {
              "title": "check when user wants to like question",
              "fullTitle": "post answer check when user wants to like question",
              "timedOut": null,
              "duration": 25772,
              "state": "failed",
              "speed": null,
              "pass": false,
              "fail": true,
              "pending": false,
              "context": "{\n  \"title\": \"cypress-mochawesome-reporter-screenshots\",\n  \"value\": [\n    [\n      {\n        \"title\": \"Failed screenshot\",\n        \"value\": \"/post_answer.cy.js/post answer -- check when user wants to like question (failed).png\"\n      }\n    ]\n  ]\n}",
              "code": "cy.wait(8000);\ncy.get(\".jss99 > .MuiLink-root > .MuiPaper-root > .MuiGrid-wrap-xs-nowrap > :nth-child(2) > :nth-child(1) > .MuiGrid-grid-xs-true\").click();\ncy.wait(2000);\ncy.get(\":nth-child(1) > .MuiButtonBase-root > .MuiToggleButton-label > .MuiSvgIcon-root > path\").click();",
              "err": {
                "message": "AssertionError: Timed out retrying after 4000ms: Expected to find element: `.jss99 > .MuiLink-root > .MuiPaper-root > .MuiGrid-wrap-xs-nowrap > :nth-child(2) > :nth-child(1) > .MuiGrid-grid-xs-true`, but never found it.",
                "estack": "AssertionError: Timed out retrying after 4000ms: Expected to find element: `.jss99 > .MuiLink-root > .MuiPaper-root > .MuiGrid-wrap-xs-nowrap > :nth-child(2) > :nth-child(1) > .MuiGrid-grid-xs-true`, but never found it.\n    at Context.eval (https://demo.insightmonk.com/__cypress/tests?p=cypress/e2e/post_answer.cy.js:154:8)",
                "diff": null
              },
              "uuid": "bbeee520-74fb-4136-b740-a0a4b00c741b",
              "parentUUID": "99d8c726-42ec-4dfa-867e-256bdd4f6dbc",
              "isHook": false,
              "skipped": false
            },
            {
              "title": "check when user wants to dilike question",
              "fullTitle": "post answer check when user wants to dilike question",
              "timedOut": null,
              "duration": 26874,
              "state": "failed",
              "speed": null,
              "pass": false,
              "fail": true,
              "pending": false,
              "context": "{\n  \"title\": \"cypress-mochawesome-reporter-screenshots\",\n  \"value\": [\n    [\n      {\n        \"title\": \"Failed screenshot\",\n        \"value\": \"/post_answer.cy.js/post answer -- check when user wants to dilike question (failed).png\"\n      }\n    ]\n  ]\n}",
              "code": "cy.wait(8000);\ncy.get(\".jss99 > .MuiLink-root > .MuiPaper-root > .MuiGrid-wrap-xs-nowrap > :nth-child(2) > :nth-child(1) > .MuiGrid-grid-xs-true\").click();\ncy.wait(2000);\ncy.get(\":nth-child(3) > .MuiButtonBase-root > .MuiToggleButton-label > .MuiSvgIcon-root > path\").click();",
              "err": {
                "message": "AssertionError: Timed out retrying after 4000ms: Expected to find element: `.jss99 > .MuiLink-root > .MuiPaper-root > .MuiGrid-wrap-xs-nowrap > :nth-child(2) > :nth-child(1) > .MuiGrid-grid-xs-true`, but never found it.",
                "estack": "AssertionError: Timed out retrying after 4000ms: Expected to find element: `.jss99 > .MuiLink-root > .MuiPaper-root > .MuiGrid-wrap-xs-nowrap > :nth-child(2) > :nth-child(1) > .MuiGrid-grid-xs-true`, but never found it.\n    at Context.eval (https://demo.insightmonk.com/__cypress/tests?p=cypress/e2e/post_answer.cy.js:160:8)",
                "diff": null
              },
              "uuid": "1ca51299-2395-4082-8fc8-a1dbb73c893b",
              "parentUUID": "99d8c726-42ec-4dfa-867e-256bdd4f6dbc",
              "isHook": false,
              "skipped": false
            },
            {
              "title": "check when user wants to back q/a card",
              "fullTitle": "post answer check when user wants to back q/a card",
              "timedOut": null,
              "duration": 25479,
              "state": "failed",
              "speed": null,
              "pass": false,
              "fail": true,
              "pending": false,
              "context": "{\n  \"title\": \"cypress-mochawesome-reporter-screenshots\",\n  \"value\": [\n    [\n      {\n        \"title\": \"Failed screenshot\",\n        \"value\": \"/post_answer.cy.js/post answer -- check when user wants to back qa card (failed).png\"\n      }\n    ]\n  ]\n}",
              "code": "cy.wait(8000);\ncy.get(\".jss99 > .MuiLink-root > .MuiPaper-root > .MuiGrid-wrap-xs-nowrap > :nth-child(2) > :nth-child(1) > .MuiGrid-grid-xs-true\").click();\ncy.wait(2000);\ncy.contains(\"p\", \"Back to Deeptech Q&Aare\").click();",
              "err": {
                "message": "AssertionError: Timed out retrying after 4000ms: Expected to find element: `.jss99 > .MuiLink-root > .MuiPaper-root > .MuiGrid-wrap-xs-nowrap > :nth-child(2) > :nth-child(1) > .MuiGrid-grid-xs-true`, but never found it.",
                "estack": "AssertionError: Timed out retrying after 4000ms: Expected to find element: `.jss99 > .MuiLink-root > .MuiPaper-root > .MuiGrid-wrap-xs-nowrap > :nth-child(2) > :nth-child(1) > .MuiGrid-grid-xs-true`, but never found it.\n    at Context.eval (https://demo.insightmonk.com/__cypress/tests?p=cypress/e2e/post_answer.cy.js:166:8)",
                "diff": null
              },
              "uuid": "1910e656-2661-4958-bc93-4f3109a9b5b5",
              "parentUUID": "99d8c726-42ec-4dfa-867e-256bdd4f6dbc",
              "isHook": false,
              "skipped": false
            },
            {
              "title": "check a user who post answer can accept answer",
              "fullTitle": "post answer check a user who post answer can accept answer",
              "timedOut": null,
              "duration": 26434,
              "state": "failed",
              "speed": null,
              "pass": false,
              "fail": true,
              "pending": false,
              "context": "{\n  \"title\": \"cypress-mochawesome-reporter-screenshots\",\n  \"value\": [\n    [\n      {\n        \"title\": \"Failed screenshot\",\n        \"value\": \"/post_answer.cy.js/post answer -- check a user who post answer can accept answer (failed).png\"\n      }\n    ]\n  ]\n}",
              "code": "cy.wait(8000);\ncy.get(\".jss99 > .MuiLink-root > .MuiPaper-root > .MuiGrid-wrap-xs-nowrap > :nth-child(2) > :nth-child(1) > .MuiGrid-grid-xs-true\").click();\ncy.wait(2000);\ncy.get(\".jss253\").click();",
              "err": {
                "message": "AssertionError: Timed out retrying after 4000ms: Expected to find element: `.jss99 > .MuiLink-root > .MuiPaper-root > .MuiGrid-wrap-xs-nowrap > :nth-child(2) > :nth-child(1) > .MuiGrid-grid-xs-true`, but never found it.",
                "estack": "AssertionError: Timed out retrying after 4000ms: Expected to find element: `.jss99 > .MuiLink-root > .MuiPaper-root > .MuiGrid-wrap-xs-nowrap > :nth-child(2) > :nth-child(1) > .MuiGrid-grid-xs-true`, but never found it.\n    at Context.eval (https://demo.insightmonk.com/__cypress/tests?p=cypress/e2e/post_answer.cy.js:172:8)",
                "diff": null
              },
              "uuid": "3c3ae2ff-127e-4c87-81df-6dd370510f57",
              "parentUUID": "99d8c726-42ec-4dfa-867e-256bdd4f6dbc",
              "isHook": false,
              "skipped": false
            }
          ],
          "suites": [],
          "passes": [],
          "failures": [
            "a295d93d-c44e-4c99-be08-f6e532b484ce",
            "73d928b8-3024-4d88-a2a8-3f07f61f5a25",
            "d81fd088-6583-4619-93fd-535795a6ae96",
            "bbeee520-74fb-4136-b740-a0a4b00c741b",
            "1ca51299-2395-4082-8fc8-a1dbb73c893b",
            "1910e656-2661-4958-bc93-4f3109a9b5b5",
            "3c3ae2ff-127e-4c87-81df-6dd370510f57"
          ],
          "pending": [],
          "skipped": [],
          "duration": 183435,
          "root": false,
          "rootEmpty": false,
          "_timeout": 2000
        }
      ],
      "passes": [],
      "failures": [],
      "pending": [],
      "skipped": [],
      "duration": 0,
      "root": true,
      "rootEmpty": true,
      "_timeout": 2000
    }
  ],
  "meta": {
    "mocha": {
      "version": "7.0.1"
    },
    "mochawesome": {
      "options": {
        "quiet": false,
        "reportFilename": "mochawesome",
        "saveHtml": false,
        "saveJson": true,
        "consoleReporter": "spec",
        "useInlineDiffs": false,
        "code": true
      },
      "version": "7.1.3"
    },
    "marge": {
      "options": {
        "charts": true,
        "overwrite": false,
        "html": false,
        "json": true,
        "reportDir": "cypress/reports"
      },
      "version": "6.2.0"
    }
  }
}