{
  "stats": {
    "suites": 1,
    "tests": 5,
    "passes": 4,
    "pending": 0,
    "failures": 1,
    "start": "2022-07-04T09:31:02.197Z",
    "end": "2022-07-04T09:34:01.042Z",
    "duration": 178845,
    "testsRegistered": 5,
    "passPercent": 80,
    "pendingPercent": 0,
    "other": 0,
    "hasOther": false,
    "skipped": 0,
    "hasSkipped": false
  },
  "results": [
    {
      "uuid": "610894db-113b-4ed9-b024-d48fe24977dd",
      "title": "",
      "fullFile": "cypress/e2e/experts.cy.js",
      "file": "cypress/e2e/experts.cy.js",
      "beforeHooks": [],
      "afterHooks": [],
      "tests": [],
      "suites": [
        {
          "uuid": "e9b50838-15ff-4dbf-9667-01ef422cfb11",
          "title": "experts",
          "fullFile": "",
          "file": "",
          "beforeHooks": [],
          "afterHooks": [],
          "tests": [
            {
              "title": "check autosuggest when user want to search an expert",
              "fullTitle": "experts check autosuggest when user want to search an expert",
              "timedOut": null,
              "duration": 40490,
              "state": "passed",
              "speed": "slow",
              "pass": true,
              "fail": false,
              "pending": false,
              "context": null,
              "code": "cy.get(\".expert\").click();\ncy.wait(10000);\ncy.get(\".MuiBox-root > .MuiInputBase-root > .MuiInputBase-input\").type(\"sonu yadav\");\ncy.get(\".MuiBox-root > .MuiInputBase-root > .MuiInputBase-input\").type('{backspace}');\ncy.get(\".MuiBox-root > .MuiInputBase-root > .MuiInputBase-input\").type('{backspace}');\ncy.get(\".MuiBox-root > .MuiInputBase-root > .MuiInputBase-input\").type('{backspace}');\ncy.get(\".MuiBox-root > .MuiInputBase-root > .MuiInputBase-input\").type('{backspace}');\ncy.get(\".MuiBox-root > .MuiInputBase-root > .MuiInputBase-input\").type('{backspace}');\ncy.get(\".MuiBox-root > .MuiInputBase-root > .MuiInputBase-input\").type('{backspace}');\ncy.get(\".MuiBox-root > .MuiInputBase-root > .MuiInputBase-input\").type('{backspace}');\ncy.get(\".MuiBox-root > .MuiInputBase-root > .MuiInputBase-input\").type('{backspace}');\ncy.get(\".MuiBox-root > .MuiInputBase-root > .MuiInputBase-input\").type('{backspace}'); // cy.get(\".MuiBox-root > .MuiInputBase-root > .MuiInputBase-input\").type('{backspace}')\n// cy.get(\".MuiBox-root > .MuiInputBase-root > .MuiInputBase-input\").type('{backspace}')\ncy.wait(5000);\ncy.contains(\"span\", \"Next \").click();\ncy.wait(2000);\ncy.contains(\"span\", \"Next \").click();",
              "err": {},
              "uuid": "ec17159d-b783-44bc-8159-0e63067bec54",
              "parentUUID": "e9b50838-15ff-4dbf-9667-01ef422cfb11",
              "isHook": false,
              "skipped": false
            },
            {
              "title": "check when user search expert by fee filter",
              "fullTitle": "experts check when user search expert by fee filter",
              "timedOut": null,
              "duration": 23221,
              "state": "passed",
              "speed": "slow",
              "pass": true,
              "fail": false,
              "pending": false,
              "context": null,
              "code": "cy.get(\".expert\").click();\ncy.wait(10000);\ncy.get(\".MuiSlider-thumb\") // .invoke(\"val\", 200)\n.invoke(\"attr\", \"style\", \"left: 20%;\").invoke(\"attr\", \"aria-valuenow\", \"600\").trigger(\"change\").click({\n  force: true\n});",
              "err": {},
              "uuid": "9483d5c4-bc1f-4db1-9fae-d4a874fc5741",
              "parentUUID": "e9b50838-15ff-4dbf-9667-01ef422cfb11",
              "isHook": false,
              "skipped": false
            },
            {
              "title": "when user want to find expert with given filter ",
              "fullTitle": "experts when user want to find expert with given filter ",
              "timedOut": null,
              "duration": 33817,
              "state": "passed",
              "speed": "slow",
              "pass": true,
              "fail": false,
              "pending": false,
              "context": null,
              "code": "cy.get(\".expert\").click();\ncy.wait(8000);\ncy.get(\":nth-child(1) > #panel1bh-header > .MuiButtonBase-root > .MuiIconButton-label > .MuiSvgIcon-root\").click();\ncy.get('[type=\"checkbox\"]').check('Precision Medicine');\ncy.wait(2000);\ncy.get('[type=\"checkbox\"]').check('Space Tech');\ncy.get(\":nth-child(2) > #panel1bh-header > .MuiButtonBase-root > .MuiIconButton-label > .MuiSvgIcon-root\").click();\ncy.wait(2000);\ncy.get('[type=\"checkbox\"]').check('Healthcare');\ncy.get(\":nth-child(3) > #panel1bh-header > .MuiButtonBase-root > .MuiIconButton-label > .MuiSvgIcon-root\").click();\ncy.wait(2000);\ncy.get('[type=\"checkbox\"]').check('United States');\ncy.get(\".MuiPaper-root.Mui-expanded > #panel1bh-header > .MuiButtonBase-root > .MuiIconButton-label > .MuiSvgIcon-root\").click();",
              "err": {},
              "uuid": "bb923502-7178-427d-be5a-3c807483dc85",
              "parentUUID": "e9b50838-15ff-4dbf-9667-01ef422cfb11",
              "isHook": false,
              "skipped": false
            },
            {
              "title": "check when user want to request for a consultation with searched expert ",
              "fullTitle": "experts check when user want to request for a consultation with searched expert ",
              "timedOut": null,
              "duration": 48542,
              "state": "passed",
              "speed": "slow",
              "pass": true,
              "fail": false,
              "pending": false,
              "context": null,
              "code": "cy.get(\".expert\").click();\ncy.get('[placeholder=\"Find Experts\"]').type('Sonu yadav');\ncy.wait(8000);\ncy.get(\".MuiGrid-justify-content-xs-center\").contains(\"h6\", \"Sonu\").click();\ncy.wait(5000);\ncy.contains(\"span\", \"Request a consultation\").click();\ncy.get(\":nth-child(1) > #panel1a-header > .MuiButtonBase-root > .MuiIconButton-label > .MuiSvgIcon-root\").click();\ncy.get('[value=\"Idea discussion\"]').check();\ncy.wait(5000);\ncy.contains(\"span\", \"Next \").click();\ncy.get('[name=\"title\"]').type(\"testing testing\");\ncy.get('[placeholder=\"Enter project Description\"]').type(\"The resources of a microservice based applications can be manipulated in several ways. It is possible to create, update, delete them, and do other operations as well.\");\ncy.contains(\"span\", \"Next \").click();\ncy.contains(\"span\", \"Within a week\").click();\ncy.contains(\"span\", \"Next \").click();",
              "err": {},
              "uuid": "c0585f94-78b3-431a-9eb7-dae31358fd9a",
              "parentUUID": "e9b50838-15ff-4dbf-9667-01ef422cfb11",
              "isHook": false,
              "skipped": false
            },
            {
              "title": "check when expert not found and user want to put a project for consultation",
              "fullTitle": "experts check when expert not found and user want to put a project for consultation",
              "timedOut": null,
              "duration": 29907,
              "state": "failed",
              "speed": null,
              "pass": false,
              "fail": true,
              "pending": false,
              "context": "{\n  \"title\": \"cypress-mochawesome-reporter-screenshots\",\n  \"value\": [\n    [\n      {\n        \"title\": \"Failed screenshot\",\n        \"value\": \"/experts.cy.js/experts -- check when expert not found and user want to put a project for consultation (failed).png\"\n      }\n    ]\n  ]\n}",
              "code": "cy.get(\".expert\").click();\ncy.get('[placeholder=\"Find Experts\"]').type('Rohan yadav');\ncy.wait(8000);\ncy.contains(\"b\", \"Click to Book a Consultation\").click();\ncy.get(\".MuiInputBase-root\").click({\n  multiple: true\n});\nCypress.Commands.add('getDropdownOptions', () => {\n  return cy.get('.MuiAutocomplete-popper [role=\"listbox\"] [role=\"option\"]', {\n    timeout: 10000\n  });\n});\ncy.getDropdownOptions().contains('Precision Medicine').click();\ncy.get(\".MuiCardActions-root > .MuiGrid-container > :nth-child(2) > .MuiButtonBase-root\").click();\ncy.get(\":nth-child(1) > #panel1a-header > .MuiButtonBase-root > .MuiIconButton-label > .MuiSvgIcon-root\").click();\ncy.get('[value=\"Idea discussion\"]').check();\ncy.wait(5000);\ncy.contains(\"span\", \"Next \").click();\ncy.get('[name=\"title\"]').type(\"testing testing\");\ncy.get('[placeholder=\"Enter project Description\"]').type(\"The resources of a microservice based applications can be manipulated in several ways. It is possible to create, update, delete them, and do other operations as well.\");\ncy.contains(\"span\", \"Next \").click();\ncy.get('[placeholder=\"Enter budget in $\"]').type(\"200\");\ncy.contains(\"span\", \"Within a week\").click();\ncy.contains(\"span\", \"Next \").click();",
              "err": {
                "message": "CypressError: Timed out retrying after 4100ms: `cy.click()` failed because this element is detached from the DOM.\n\n`<div class=\"MuiInputBase-root jss182\">...</div>`\n\nCypress requires elements be attached in the DOM to interact with them.\n\nThe previous command that ran was:\n\n  > `cy.get()`\n\nThis DOM element likely became detached somewhere between the previous and current command.\n\nCommon situations why this happens:\n  - Your JS framework re-rendered asynchronously\n  - Your app code reacted to an event firing and removed the element\n\nYou typically need to re-query for the element or add 'guards' which delay Cypress from running new commands.\n\nhttps://on.cypress.io/element-has-detached-from-dom",
                "estack": "CypressError: Timed out retrying after 4100ms: `cy.click()` failed because this element is detached from the DOM.\n\n`<div class=\"MuiInputBase-root jss182\">...</div>`\n\nCypress requires elements be attached in the DOM to interact with them.\n\nThe previous command that ran was:\n\n  > `cy.get()`\n\nThis DOM element likely became detached somewhere between the previous and current command.\n\nCommon situations why this happens:\n  - Your JS framework re-rendered asynchronously\n  - Your app code reacted to an event firing and removed the element\n\nYou typically need to re-query for the element or add 'guards' which delay Cypress from running new commands.\n\nhttps://on.cypress.io/element-has-detached-from-dom\n    at $Cy.ensureAttached (https://demo.insightmonk.com/__cypress/runner/cypress_runner.js:161860:76)\n    at runAllChecks (https://demo.insightmonk.com/__cypress/runner/cypress_runner.js:147665:12)\n    at retryActionability (https://demo.insightmonk.com/__cypress/runner/cypress_runner.js:147745:16)\n    at tryCatcher (https://demo.insightmonk.com/__cypress/runner/cypress_runner.js:13012:23)\n    at Function.Promise.attempt.Promise.try (https://demo.insightmonk.com/__cypress/runner/cypress_runner.js:10286:29)\n    at whenStable (https://demo.insightmonk.com/__cypress/runner/cypress_runner.js:166930:65)\n    at https://demo.insightmonk.com/__cypress/runner/cypress_runner.js:166385:14\n    at tryCatcher (https://demo.insightmonk.com/__cypress/runner/cypress_runner.js:13012:23)\n    at Promise._settlePromiseFromHandler (https://demo.insightmonk.com/__cypress/runner/cypress_runner.js:10947:31)\n    at Promise._settlePromise (https://demo.insightmonk.com/__cypress/runner/cypress_runner.js:11004:18)\n    at Promise._settlePromise0 (https://demo.insightmonk.com/__cypress/runner/cypress_runner.js:11049:10)\n    at Promise._settlePromises (https://demo.insightmonk.com/__cypress/runner/cypress_runner.js:11129:18)\n    at Promise._fulfill (https://demo.insightmonk.com/__cypress/runner/cypress_runner.js:11073:18)\n    at https://demo.insightmonk.com/__cypress/runner/cypress_runner.js:12687:46\nFrom Your Spec Code:\n    at Context.eval (https://demo.insightmonk.com/__cypress/tests?p=cypress/e2e/experts.cy.js:181:34)",
                "diff": null
              },
              "uuid": "c8fbba45-946f-4c55-815d-e35a263481bb",
              "parentUUID": "e9b50838-15ff-4dbf-9667-01ef422cfb11",
              "isHook": false,
              "skipped": false
            }
          ],
          "suites": [],
          "passes": [
            "ec17159d-b783-44bc-8159-0e63067bec54",
            "9483d5c4-bc1f-4db1-9fae-d4a874fc5741",
            "bb923502-7178-427d-be5a-3c807483dc85",
            "c0585f94-78b3-431a-9eb7-dae31358fd9a"
          ],
          "failures": [
            "c8fbba45-946f-4c55-815d-e35a263481bb"
          ],
          "pending": [],
          "skipped": [],
          "duration": 175977,
          "root": false,
          "rootEmpty": false,
          "_timeout": 2000
        }
      ],
      "passes": [],
      "failures": [],
      "pending": [],
      "skipped": [],
      "duration": 0,
      "root": true,
      "rootEmpty": true,
      "_timeout": 2000
    }
  ],
  "meta": {
    "mocha": {
      "version": "7.0.1"
    },
    "mochawesome": {
      "options": {
        "quiet": false,
        "reportFilename": "mochawesome",
        "saveHtml": false,
        "saveJson": true,
        "consoleReporter": "spec",
        "useInlineDiffs": false,
        "code": true
      },
      "version": "7.1.3"
    },
    "marge": {
      "options": {
        "charts": true,
        "overwrite": false,
        "html": false,
        "json": true,
        "reportDir": "cypress/reports"
      },
      "version": "6.2.0"
    }
  }
}