{
  "stats": {
    "suites": 1,
    "tests": 5,
    "passes": 4,
    "pending": 0,
    "failures": 1,
    "start": "2022-06-29T12:57:23.750Z",
    "end": "2022-06-29T13:01:56.083Z",
    "duration": 272333,
    "testsRegistered": 6,
    "passPercent": 66.66666666666666,
    "pendingPercent": 0,
    "other": 0,
    "hasOther": false,
    "skipped": 1,
    "hasSkipped": true
  },
  "results": [
    {
      "uuid": "5cdcab40-53cc-4a7c-8620-ec068ac6fa58",
      "title": "",
      "fullFile": "cypress/e2e/global_search.cy.js",
      "file": "cypress/e2e/global_search.cy.js",
      "beforeHooks": [],
      "afterHooks": [],
      "tests": [],
      "suites": [
        {
          "uuid": "4f398a5c-5749-4015-8a40-26b1644f1645",
          "title": "global search",
          "fullFile": "",
          "file": "",
          "beforeHooks": [],
          "afterHooks": [],
          "tests": [
            {
              "title": "check when user enter nothing and press enter button.",
              "fullTitle": "global search check when user enter nothing and press enter button.",
              "timedOut": null,
              "duration": 24977,
              "state": "passed",
              "speed": "slow",
              "pass": true,
              "fail": false,
              "pending": false,
              "context": null,
              "code": "cy.wait(3000);\ncy.get('input[placeholder=\"Explore Deeptech! Sectors, Topics,  Reports, Experts\"]').type('{enter}');\ncy.wait(8000);",
              "err": {},
              "uuid": "3ec78789-8d26-4b80-ac2b-b1ea6c2249dc",
              "parentUUID": "4f398a5c-5749-4015-8a40-26b1644f1645",
              "isHook": false,
              "skipped": false
            },
            {
              "title": "check Typing  characters in the search box, it should show suggestions starting with the entered character.",
              "fullTitle": "global search check Typing  characters in the search box, it should show suggestions starting with the entered character.",
              "timedOut": null,
              "duration": 23232,
              "state": "passed",
              "speed": "slow",
              "pass": true,
              "fail": false,
              "pending": false,
              "context": null,
              "code": "cy.wait(3000);\ncy.get('input[placeholder=\"Explore Deeptech! Sectors, Topics,  Reports, Experts\"]').type('pre');\ncy.wait(8000);",
              "err": {},
              "uuid": "809af704-f28f-44af-87ab-576001dc2b35",
              "parentUUID": "4f398a5c-5749-4015-8a40-26b1644f1645",
              "isHook": false,
              "skipped": false
            },
            {
              "title": "when user want to search keyword and check result ",
              "fullTitle": "global search when user want to search keyword and check result ",
              "timedOut": null,
              "duration": 99703,
              "state": "passed",
              "speed": "slow",
              "pass": true,
              "fail": false,
              "pending": false,
              "context": null,
              "code": "cy.get('input[placeholder=\"Explore Deeptech! Sectors, Topics,  Reports, Experts\"]').type('precision medicine{enter}');\ncy.wait(20000);\ncy.get(\".MuiTabs-flexContainer > :nth-child(2)\").click();\ncy.wait(20000);\ncy.get(\".MuiTabs-flexContainer > :nth-child(3)\").click();\ncy.wait(20000);\ncy.get(\".MuiTabs-flexContainer > :nth-child(4)\").click();\ncy.wait(10000);",
              "err": {},
              "uuid": "169aa8c8-a73e-41a5-b7b1-9557286a9fd1",
              "parentUUID": "4f398a5c-5749-4015-8a40-26b1644f1645",
              "isHook": false,
              "skipped": false
            },
            {
              "title": "check when user search keyword with any special character and press enter.",
              "fullTitle": "global search check when user search keyword with any special character and press enter.",
              "timedOut": null,
              "duration": 102417,
              "state": "passed",
              "speed": "slow",
              "pass": true,
              "fail": false,
              "pending": false,
              "context": null,
              "code": "cy.wait(3000);\ncy.get('input[placeholder=\"Explore Deeptech! Sectors, Topics,  Reports, Experts\"]').clear();\ncy.get('input[placeholder=\"Explore Deeptech! Sectors, Topics,  Reports, Experts\"]').type('\"deep tech themes\"{enter}');\ncy.wait(20000);\ncy.get(\".MuiTabs-flexContainer > :nth-child(2)\").click();\ncy.wait(20000);\ncy.get(\".MuiTabs-flexContainer > :nth-child(3)\").click();\ncy.wait(20000);\ncy.get(\".MuiTabs-flexContainer > :nth-child(4)\").click();\ncy.wait(10000);",
              "err": {},
              "uuid": "ad1d6035-6eee-4f80-a485-cfdf3f6182fe",
              "parentUUID": "4f398a5c-5749-4015-8a40-26b1644f1645",
              "isHook": false,
              "skipped": false
            },
            {
              "title": "check when user add space before,after and between the search keyword and press enter.",
              "fullTitle": "global search check when user add space before,after and between the search keyword and press enter.",
              "timedOut": null,
              "duration": 18629,
              "state": "failed",
              "speed": null,
              "pass": false,
              "fail": true,
              "pending": false,
              "context": "{\n  \"title\": \"cypress-mochawesome-reporter-screenshots\",\n  \"value\": [\n    [\n      {\n        \"title\": \"Failed screenshot\",\n        \"value\": \"/global_search.cy.js/global search -- check when user add space before,after and between the search keyword and press enter -- before each hook (failed).png\"\n      }\n    ]\n  ]\n}",
              "code": "cy.wait(3000);\ncy.get('input[placeholder=\"Explore Deeptech! Sectors, Topics,  Reports, Experts\"]').clear();\ncy.get('input[placeholder=\"Explore Deeptech! Sectors, Topics,  Reports, Experts\"]').type(' \" deep tech themes \"{enter}');\ncy.wait(20000);\ncy.get(\".MuiTabs-flexContainer > :nth-child(2)\").click();\ncy.wait(20000);\ncy.get(\".MuiTabs-flexContainer > :nth-child(3)\").click();\ncy.wait(20000);\ncy.get(\".MuiTabs-flexContainer > :nth-child(4)\").click();\ncy.wait(10000);",
              "err": {
                "message": "AssertionError: Timed out retrying after 4000ms: Expected to find element: `input[name=\"email\"]`, but never found it.\n\nBecause this error occurred during a `before each` hook we are skipping the remaining tests in the current suite: `global search`",
                "estack": "AssertionError: Timed out retrying after 4000ms: Expected to find element: `input[name=\"email\"]`, but never found it.\n\nBecause this error occurred during a `before each` hook we are skipping the remaining tests in the current suite: `global search`\n    at Context.eval (https://demo.insightmonk.com/__cypress/tests?p=cypress/e2e/global_search.cy.js:110:8)",
                "diff": null
              },
              "uuid": "b8f88e84-342e-4ee7-ad7e-65d67229c4c8",
              "parentUUID": "4f398a5c-5749-4015-8a40-26b1644f1645",
              "isHook": false,
              "skipped": false
            },
            {
              "title": "check when user search keyword with numeric value and press enter.",
              "fullTitle": "global search check when user search keyword with numeric value and press enter.",
              "timedOut": null,
              "duration": 0,
              "state": "skipped",
              "speed": null,
              "pass": false,
              "fail": false,
              "pending": false,
              "context": null,
              "code": "cy.wait(3000);\ncy.get('input[placeholder=\"Explore Deeptech! Sectors, Topics,  Reports, Experts\"]').clear();\ncy.get('input[placeholder=\"Explore Deeptech! Sectors, Topics,  Reports, Experts\"]').type('   waste  water 123 {enter}');\ncy.wait(20000);\ncy.get(\".MuiTabs-flexContainer > :nth-child(2)\").click();\ncy.wait(20000);\ncy.get(\".MuiTabs-flexContainer > :nth-child(3)\").click();\ncy.wait(20000);\ncy.get(\".MuiTabs-flexContainer > :nth-child(4)\").click();\ncy.wait(10000); // cy.contains('span', 'Public Sources&A').click()",
              "err": {},
              "uuid": "7d72d15c-97c8-4377-9ca1-9f3b1c5a49e5",
              "parentUUID": "4f398a5c-5749-4015-8a40-26b1644f1645",
              "isHook": false,
              "skipped": true
            }
          ],
          "suites": [],
          "passes": [
            "3ec78789-8d26-4b80-ac2b-b1ea6c2249dc",
            "809af704-f28f-44af-87ab-576001dc2b35",
            "169aa8c8-a73e-41a5-b7b1-9557286a9fd1",
            "ad1d6035-6eee-4f80-a485-cfdf3f6182fe"
          ],
          "failures": [
            "b8f88e84-342e-4ee7-ad7e-65d67229c4c8"
          ],
          "pending": [],
          "skipped": [
            "7d72d15c-97c8-4377-9ca1-9f3b1c5a49e5"
          ],
          "duration": 268958,
          "root": false,
          "rootEmpty": false,
          "_timeout": 2000
        }
      ],
      "passes": [],
      "failures": [],
      "pending": [],
      "skipped": [],
      "duration": 0,
      "root": true,
      "rootEmpty": true,
      "_timeout": 2000
    }
  ],
  "meta": {
    "mocha": {
      "version": "7.0.1"
    },
    "mochawesome": {
      "options": {
        "quiet": false,
        "reportFilename": "mochawesome",
        "saveHtml": false,
        "saveJson": true,
        "consoleReporter": "spec",
        "useInlineDiffs": false,
        "code": true
      },
      "version": "7.1.3"
    },
    "marge": {
      "options": {
        "charts": true,
        "overwrite": false,
        "html": false,
        "json": true,
        "reportDir": "cypress/reports"
      },
      "version": "6.2.0"
    }
  }
}